Log file open, 07/30/20 17:09:21
LogInit: Display: Running engine for game: SimpleShooter
LogPlatformFile: Not using cached read wrapper
LogTaskGraph: Started task graph with 5 named threads and 35 total threads with 3 sets of task threads.
LogStats: Stats thread started at 0.150027
LogD3D11RHI: Loaded GFSDK_Aftermath_Lib.x64.dll
LogICUInternationalization: ICU TimeZone Detection - Raw Offset: -8:00, Platform Override: ''
LogPluginManager: Mounting plugin Paper2D
LogPluginManager: Mounting plugin AISupport
LogPluginManager: Mounting plugin LightPropagationVolume
LogPluginManager: Mounting plugin CameraShakePreviewer
LogPluginManager: Mounting plugin ActorLayerUtilities
LogPluginManager: Mounting plugin AnimationSharing
LogPluginManager: Mounting plugin CLionSourceCodeAccess
LogPluginManager: Mounting plugin CodeLiteSourceCodeAccess
LogPluginManager: Mounting plugin GitSourceControl
LogPluginManager: Mounting plugin KDevelopSourceCodeAccess
LogPluginManager: Mounting plugin NullSourceCodeAccess
LogPluginManager: Mounting plugin PerforceSourceControl
LogPluginManager: Mounting plugin PlasticSourceControl
LogPluginManager: Mounting plugin RiderSourceCodeAccess
LogPluginManager: Mounting plugin SubversionSourceControl
LogPluginManager: Mounting plugin UObjectPlugin
LogPluginManager: Mounting plugin VisualStudioCodeSourceCodeAccess
LogPluginManager: Mounting plugin VisualStudioSourceCodeAccess
LogPluginManager: Mounting plugin XCodeSourceCodeAccess
LogPluginManager: Mounting plugin AssetManagerEditor
LogPluginManager: Mounting plugin CryptoKeys
LogPluginManager: Mounting plugin CurveEditorTools
LogPluginManager: Mounting plugin DataValidation
LogPluginManager: Mounting plugin EditorScriptingUtilities
LogPluginManager: Mounting plugin FacialAnimation
LogPluginManager: Mounting plugin GameplayTagsEditor
LogPluginManager: Mounting plugin GeometryMode
LogPluginManager: Mounting plugin MacGraphicsSwitching
LogPluginManager: Mounting plugin MaterialAnalyzer
LogPluginManager: Mounting plugin MobileLauncherProfileWizard
LogPluginManager: Mounting plugin PluginBrowser
LogPluginManager: Mounting plugin SpeedTreeImporter
LogPluginManager: Mounting plugin DatasmithContent
LogPluginManager: Mounting plugin VariantManagerContent
LogPluginManager: Mounting plugin AlembicImporter
LogPluginManager: Mounting plugin AutomationUtils
LogPluginManager: Mounting plugin BackChannel
LogPluginManager: Mounting plugin ChaosCloth
LogPluginManager: Mounting plugin ChaosClothEditor
LogPluginManager: Mounting plugin ChaosEditor
LogPluginManager: Mounting plugin ChaosNiagara
LogPluginManager: Mounting plugin ChaosSolverPlugin
LogPluginManager: Mounting plugin CharacterAI
LogPluginManager: Mounting plugin GeometryCache
LogPluginManager: Mounting plugin GeometryCollectionPlugin
LogPluginManager: Mounting plugin GeometryProcessing
LogPluginManager: Mounting plugin PlanarCut
LogPluginManager: Mounting plugin PlatformCrypto
LogPluginManager: Mounting plugin ProxyLODPlugin
LogPluginManager: Mounting plugin SkeletalReduction
LogPluginManager: Mounting plugin Niagara
LogPluginManager: Mounting plugin MagicLeap
LogPluginManager: Mounting plugin MagicLeapLightEstimation
LogPluginManager: Mounting plugin MagicLeapMedia
LogPluginManager: Mounting plugin MagicLeapPassableWorld
LogPluginManager: Mounting plugin MLSDK
LogPluginManager: Mounting plugin AndroidMedia
LogPluginManager: Mounting plugin AvfMedia
LogPluginManager: Mounting plugin ImgMedia
LogPluginManager: Mounting plugin MediaCompositing
LogPluginManager: Mounting plugin MediaPlayerEditor
LogPluginManager: Mounting plugin WebMMedia
LogPluginManager: Mounting plugin WmfMedia
LogPluginManager: Mounting plugin MeshPainting
LogPluginManager: Mounting plugin TcpMessaging
LogPluginManager: Mounting plugin UdpMessaging
LogPluginManager: Mounting plugin ActorSequence
LogPluginManager: Mounting plugin LevelSequenceEditor
LogPluginManager: Mounting plugin MatineeToLevelSequence
LogPluginManager: Mounting plugin MovieRenderPipeline
LogPluginManager: Mounting plugin TemplateSequence
LogPluginManager: Mounting plugin NetcodeUnitTest
LogPluginManager: Mounting plugin NUTUnrealEngine4
LogPluginManager: Mounting plugin OnlineSubsystemGooglePlay
LogPluginManager: Mounting plugin OnlineSubsystemIOS
LogPluginManager: Mounting plugin OnlineSubsystem
LogPluginManager: Mounting plugin OnlineSubsystemNull
LogPluginManager: Mounting plugin OnlineSubsystemUtils
LogPluginManager: Mounting plugin LauncherChunkInstaller
LogPluginManager: Mounting plugin AndroidDeviceProfileSelector
LogPluginManager: Mounting plugin AndroidMoviePlayer
LogPluginManager: Mounting plugin AndroidPermission
LogPluginManager: Mounting plugin AppleImageUtils
LogPluginManager: Mounting plugin AppleMoviePlayer
LogPluginManager: Mounting plugin ArchVisCharacter
LogPluginManager: Mounting plugin AssetTags
LogPluginManager: Mounting plugin AudioCapture
LogPluginManager: Mounting plugin CableComponent
LogPluginManager: Mounting plugin CustomMeshComponent
LogPluginManager: Mounting plugin EditableMesh
LogPluginManager: Mounting plugin ExampleDeviceProfileSelector
LogPluginManager: Mounting plugin GoogleCloudMessaging
LogPluginManager: Mounting plugin GooglePAD
LogPluginManager: Mounting plugin IOSDeviceProfileSelector
LogPluginManager: Mounting plugin LinuxDeviceProfileSelector
LogPluginManager: Mounting plugin LocationServicesBPLibrary
LogPluginManager: Mounting plugin MobilePatchingUtils
LogPluginManager: Mounting plugin OculusVR
LogPluginManager: Mounting plugin PhysXVehicles
LogPluginManager: Mounting plugin PostSplashScreen
LogPluginManager: Mounting plugin ProceduralMeshComponent
LogPluginManager: Mounting plugin RuntimePhysXCooking
LogPluginManager: Mounting plugin SignificanceManager
LogPluginManager: Mounting plugin SoundFields
LogPluginManager: Mounting plugin SteamVR
LogPluginManager: Mounting plugin Synthesis
LogPluginManager: Mounting plugin WebMMoviePlayer
LogPluginManager: Mounting plugin WindowsMoviePlayer
LogPluginManager: Mounting plugin ScreenshotTools
LogInit: Using libcurl 7.55.1-DEV
LogInit:  - built for x86_64-pc-win32
LogInit:  - supports SSL with OpenSSL/1.1.1
LogInit:  - supports HTTP deflate (compression) using libz 1.2.8
LogInit:  - other features:
LogInit:      CURL_VERSION_SSL
LogInit:      CURL_VERSION_LIBZ
LogInit:      CURL_VERSION_IPV6
LogInit:      CURL_VERSION_ASYNCHDNS
LogInit:      CURL_VERSION_LARGEFILE
LogInit:      CURL_VERSION_IDN
LogInit:  CurlRequestOptions (configurable via config and command line):
LogInit:  - bVerifyPeer = true  - Libcurl will verify peer certificate
LogInit:  - bUseHttpProxy = false  - Libcurl will NOT use HTTP proxy
LogInit:  - bDontReuseConnections = false  - Libcurl will reuse connections
LogInit:  - MaxHostConnections = 16  - Libcurl will limit the number of connections to a host
LogInit:  - LocalHostAddr = Default
LogInit:  - BufferSize = 65536
LogOnline: OSS: Creating online subsystem instance for: NULL
LogInit: WinSock: version 1.1 (2.2), MaxSocks=32767, MaxUdp=65467
LogOnline: OSS: TryLoadSubsystemAndSetDefault: Loaded subsystem for module [NULL]
LogInit: Build: ++UE4+Release-4.25-CL-13908680
LogInit: Engine Version: 4.25.2-13908680+++UE4+Release-4.25
LogInit: Compatible Engine Version: 4.25.0-13144385+++UE4+Release-4.25
LogInit: Net CL: 13144385
LogInit: OS: Windows 10 (Release 1909) (), CPU: Intel(R) Core(TM) i7-8086K CPU @ 4.00GHz, GPU: NVIDIA GeForce RTX 2080 Ti
LogInit: Compiled (64-bit): Jul 22 2020 02:11:51
LogInit: Compiled with Visual C++: 19.24.28315.00
LogInit: Build Configuration: Development
LogInit: Branch Name: ++UE4+Release-4.25
LogInit: Command Line: 
LogInit: Base Directory: H:/UE_4.25/Engine/Binaries/Win64/
LogInit: Allocator: TBB
LogInit: Installed Engine Build: 1
LogDevObjectVersion: Number of dev versions registered: 26
LogDevObjectVersion:   Dev-Blueprints (B0D832E4-1F89-4F0D-ACCF-7EB736FD4AA2): 10
LogDevObjectVersion:   Dev-Build (E1C64328-A22C-4D53-A36C-8E866417BD8C): 0
LogDevObjectVersion:   Dev-Core (375EC13C-06E4-48FB-B500-84F0262A717E): 4
LogDevObjectVersion:   Dev-Editor (E4B068ED-F494-42E9-A231-DA0B2E46BB41): 38
LogDevObjectVersion:   Dev-Framework (CFFC743F-43B0-4480-9391-14DF171D2073): 37
LogDevObjectVersion:   Dev-Mobile (B02B49B5-BB20-44E9-A304-32B752E40360): 2
LogDevObjectVersion:   Dev-Networking (A4E4105C-59A1-49B5-A7C5-40C4547EDFEE): 0
LogDevObjectVersion:   Dev-Online (39C831C9-5AE6-47DC-9A44-9C173E1C8E7C): 0
LogDevObjectVersion:   Dev-Physics (78F01B33-EBEA-4F98-B9B4-84EACCB95AA2): 4
LogDevObjectVersion:   Dev-Platform (6631380F-2D4D-43E0-8009-CF276956A95A): 0
LogDevObjectVersion:   Dev-Rendering (12F88B9F-8875-4AFC-A67C-D90C383ABD29): 43
LogDevObjectVersion:   Dev-Sequencer (7B5AE74C-D270-4C10-A958-57980B212A5A): 12
LogDevObjectVersion:   Dev-VR (D7296918-1DD6-4BDD-9DE2-64A83CC13884): 3
LogDevObjectVersion:   Dev-LoadTimes (C2A15278-BFE7-4AFE-6C17-90FF531DF755): 1
LogDevObjectVersion:   Private-Geometry (6EACA3D4-40EC-4CC1-B786-8BED09428FC5): 3
LogDevObjectVersion:   Dev-AnimPhys (29E575DD-E0A3-4627-9D10-D276232CDCEA): 17
LogDevObjectVersion:   Dev-Anim (AF43A65D-7FD3-4947-9873-3E8ED9C1BB05): 7
LogDevObjectVersion:   Dev-ReflectionCapture (6B266CEC-1EC7-4B8F-A30B-E4D90942FC07): 1
LogDevObjectVersion:   Dev-Automation (0DF73D61-A23F-47EA-B727-89E90C41499A): 1
LogDevObjectVersion:   FortniteMain (601D1886-AC64-4F84-AA16-D3DE0DEAC7D6): 31
LogDevObjectVersion:   Dev-Enterprise (9DFFBCD6-494F-0158-E221-12823C92A888): 10
LogDevObjectVersion:   Dev-Niagara (F2AED0AC-9AFE-416F-8664-AA7FFA26D6FC): 1
LogDevObjectVersion:   Dev-Destruction (174F1F0B-B4C6-45A5-B13F-2EE8D0FB917D): 10
LogDevObjectVersion:   Dev-Physics-Ext (35F94A83-E258-406C-A318-09F59610247C): 37
LogDevObjectVersion:   Dev-PhysicsMaterial-Chaos (B68FC16E-8B1B-42E2-B453-215C058844FE): 1
LogDevObjectVersion:   Dev-CineCamera (B2E18506-4273-CFC2-A54E-F4BB758BBA07): 1
LogInit: Presizing for max 25165824 objects, including 0 objects not considered by GC, pre-allocating 0 bytes for permanent pool.
LogConfig: Applying CVar settings from Section [/Script/Engine.StreamingSettings] File [C:/Users/vmelo/Desktop/GitHub/SimpleShooter/SimpleShooter/Saved/Config/Windows/Engine.ini]
LogConfig: Setting CVar [[s.MinBulkDataSizeForAsyncLoading:131072]]
LogConfig: Setting CVar [[s.AsyncLoadingThreadEnabled:0]]
LogConfig: Setting CVar [[s.EventDrivenLoaderEnabled:1]]
LogConfig: Setting CVar [[s.WarnIfTimeLimitExceeded:0]]
LogConfig: Setting CVar [[s.TimeLimitExceededMultiplier:1.5]]
LogConfig: Setting CVar [[s.TimeLimitExceededMinTime:0.005]]
LogConfig: Setting CVar [[s.UseBackgroundLevelStreaming:1]]
LogConfig: Setting CVar [[s.PriorityAsyncLoadingExtraTime:15.0]]
LogConfig: Setting CVar [[s.LevelStreamingActorsUpdateTimeLimit:5.0]]
LogConfig: Setting CVar [[s.PriorityLevelStreamingActorsUpdateExtraTime:5.0]]
LogConfig: Setting CVar [[s.LevelStreamingComponentsRegistrationGranularity:10]]
LogConfig: Setting CVar [[s.UnregisterComponentsTimeLimit:1.0]]
LogConfig: Setting CVar [[s.LevelStreamingComponentsUnregistrationGranularity:5]]
LogConfig: Setting CVar [[s.FlushStreamingOnExit:1]]
LogInit: Object subsystem initialized
LogConfig: Setting CVar [[con.DebugEarlyDefault:1]]
LogConfig: Setting CVar [[r.setres:1280x720]]
[2020.07.31-00.09.22:053][  0]LogConfig: Setting CVar [[r.VSync:0]]
[2020.07.31-00.09.22:054][  0]LogConfig: Setting CVar [[r.RHICmdBypass:0]]
[2020.07.31-00.09.22:054][  0]LogConfig: Applying CVar settings from Section [/Script/Engine.RendererSettings] File [C:/Users/vmelo/Desktop/GitHub/SimpleShooter/SimpleShooter/Saved/Config/Windows/Engine.ini]
[2020.07.31-00.09.22:054][  0]LogConfig: Setting CVar [[r.GPUCrashDebugging:0]]
[2020.07.31-00.09.22:054][  0]LogConfig: Applying CVar settings from Section [/Script/Engine.RendererOverrideSettings] File [C:/Users/vmelo/Desktop/GitHub/SimpleShooter/SimpleShooter/Saved/Config/Windows/Engine.ini]
[2020.07.31-00.09.22:054][  0]LogConfig: Applying CVar settings from Section [/Script/Engine.StreamingSettings] File [C:/Users/vmelo/Desktop/GitHub/SimpleShooter/SimpleShooter/Saved/Config/Windows/Engine.ini]
[2020.07.31-00.09.22:054][  0]LogConfig: Setting CVar [[s.MinBulkDataSizeForAsyncLoading:131072]]
[2020.07.31-00.09.22:054][  0]LogConfig: Setting CVar [[s.AsyncLoadingThreadEnabled:0]]
[2020.07.31-00.09.22:054][  0]LogConfig: Setting CVar [[s.EventDrivenLoaderEnabled:1]]
[2020.07.31-00.09.22:054][  0]LogConfig: Setting CVar [[s.WarnIfTimeLimitExceeded:0]]
[2020.07.31-00.09.22:054][  0]LogConfig: Setting CVar [[s.TimeLimitExceededMultiplier:1.5]]
[2020.07.31-00.09.22:054][  0]LogConfig: Setting CVar [[s.TimeLimitExceededMinTime:0.005]]
[2020.07.31-00.09.22:054][  0]LogConfig: Setting CVar [[s.UseBackgroundLevelStreaming:1]]
[2020.07.31-00.09.22:054][  0]LogConfig: Setting CVar [[s.PriorityAsyncLoadingExtraTime:15.0]]
[2020.07.31-00.09.22:054][  0]LogConfig: Setting CVar [[s.LevelStreamingActorsUpdateTimeLimit:5.0]]
[2020.07.31-00.09.22:054][  0]LogConfig: Setting CVar [[s.PriorityLevelStreamingActorsUpdateExtraTime:5.0]]
[2020.07.31-00.09.22:054][  0]LogConfig: Setting CVar [[s.LevelStreamingComponentsRegistrationGranularity:10]]
[2020.07.31-00.09.22:054][  0]LogConfig: Setting CVar [[s.UnregisterComponentsTimeLimit:1.0]]
[2020.07.31-00.09.22:054][  0]LogConfig: Setting CVar [[s.LevelStreamingComponentsUnregistrationGranularity:5]]
[2020.07.31-00.09.22:054][  0]LogConfig: Setting CVar [[s.FlushStreamingOnExit:1]]
[2020.07.31-00.09.22:054][  0]LogConfig: Applying CVar settings from Section [/Script/Engine.GarbageCollectionSettings] File [C:/Users/vmelo/Desktop/GitHub/SimpleShooter/SimpleShooter/Saved/Config/Windows/Engine.ini]
[2020.07.31-00.09.22:054][  0]LogConfig: Setting CVar [[gc.MaxObjectsNotConsideredByGC:1]]
[2020.07.31-00.09.22:054][  0]LogConfig: Setting CVar [[gc.SizeOfPermanentObjectPool:0]]
[2020.07.31-00.09.22:054][  0]LogConfig: Setting CVar [[gc.FlushStreamingOnGC:0]]
[2020.07.31-00.09.22:054][  0]LogConfig: Setting CVar [[gc.NumRetriesBeforeForcingGC:10]]
[2020.07.31-00.09.22:054][  0]LogConfig: Setting CVar [[gc.AllowParallelGC:1]]
[2020.07.31-00.09.22:054][  0]LogConfig: Setting CVar [[gc.TimeBetweenPurgingPendingKillObjects:61.1]]
[2020.07.31-00.09.22:054][  0]LogConfig: Setting CVar [[gc.MaxObjectsInEditor:25165824]]
[2020.07.31-00.09.22:054][  0]LogConfig: Setting CVar [[gc.IncrementalBeginDestroyEnabled:1]]
[2020.07.31-00.09.22:054][  0]LogConfig: Setting CVar [[gc.CreateGCClusters:1]]
[2020.07.31-00.09.22:054][  0]LogConfig: Setting CVar [[gc.MinGCClusterSize:5]]
[2020.07.31-00.09.22:054][  0]LogConfig: Setting CVar [[gc.ActorClusteringEnabled:0]]
[2020.07.31-00.09.22:054][  0]LogConfig: Setting CVar [[gc.BlueprintClusteringEnabled:0]]
[2020.07.31-00.09.22:054][  0]LogConfig: Setting CVar [[gc.UseDisregardForGCOnDedicatedServers:0]]
[2020.07.31-00.09.22:054][  0]LogConfig: Applying CVar settings from Section [/Script/Engine.NetworkSettings] File [C:/Users/vmelo/Desktop/GitHub/SimpleShooter/SimpleShooter/Saved/Config/Windows/Engine.ini]
[2020.07.31-00.09.22:054][  0]LogConfig: Applying CVar settings from Section [/Script/UnrealEd.CookerSettings] File [C:/Users/vmelo/Desktop/GitHub/SimpleShooter/SimpleShooter/Saved/Config/Windows/Engine.ini]
[2020.07.31-00.09.22:057][  0]LogConfig: Applying CVar settings from Section [ViewDistanceQuality@3] File [C:/Users/vmelo/Desktop/GitHub/SimpleShooter/SimpleShooter/Saved/Config/Windows/Scalability.ini]
[2020.07.31-00.09.22:057][  0]LogConfig: Setting CVar [[r.SkeletalMeshLODBias:0]]
[2020.07.31-00.09.22:057][  0]LogConfig: Setting CVar [[r.ViewDistanceScale:1.0]]
[2020.07.31-00.09.22:057][  0]LogConfig: Applying CVar settings from Section [AntiAliasingQuality@3] File [C:/Users/vmelo/Desktop/GitHub/SimpleShooter/SimpleShooter/Saved/Config/Windows/Scalability.ini]
[2020.07.31-00.09.22:057][  0]LogConfig: Setting CVar [[r.PostProcessAAQuality:4]]
[2020.07.31-00.09.22:057][  0]LogConfig: Applying CVar settings from Section [ShadowQuality@3] File [C:/Users/vmelo/Desktop/GitHub/SimpleShooter/SimpleShooter/Saved/Config/Windows/Scalability.ini]
[2020.07.31-00.09.22:057][  0]LogConfig: Setting CVar [[r.LightFunctionQuality:1]]
[2020.07.31-00.09.22:057][  0]LogConfig: Setting CVar [[r.ShadowQuality:5]]
[2020.07.31-00.09.22:057][  0]LogConfig: Setting CVar [[r.Shadow.CSM.MaxCascades:10]]
[2020.07.31-00.09.22:057][  0]LogConfig: Setting CVar [[r.Shadow.MaxResolution:2048]]
[2020.07.31-00.09.22:057][  0]LogConfig: Setting CVar [[r.Shadow.MaxCSMResolution:2048]]
[2020.07.31-00.09.22:057][  0]LogConfig: Setting CVar [[r.Shadow.RadiusThreshold:0.01]]
[2020.07.31-00.09.22:057][  0]LogConfig: Setting CVar [[r.Shadow.DistanceScale:1.0]]
[2020.07.31-00.09.22:057][  0]LogConfig: Setting CVar [[r.Shadow.CSM.TransitionScale:1.0]]
[2020.07.31-00.09.22:057][  0]LogConfig: Setting CVar [[r.Shadow.PreShadowResolutionFactor:1.0]]
[2020.07.31-00.09.22:057][  0]LogConfig: Setting CVar [[r.DistanceFieldShadowing:1]]
[2020.07.31-00.09.22:057][  0]LogConfig: Setting CVar [[r.DistanceFieldAO:1]]
[2020.07.31-00.09.22:057][  0]LogConfig: Setting CVar [[r.AOQuality:2]]
[2020.07.31-00.09.22:057][  0]LogConfig: Setting CVar [[r.VolumetricFog:1]]
[2020.07.31-00.09.22:057][  0]LogConfig: Setting CVar [[r.VolumetricFog.GridPixelSize:8]]
[2020.07.31-00.09.22:057][  0]LogConfig: Setting CVar [[r.VolumetricFog.GridSizeZ:128]]
[2020.07.31-00.09.22:057][  0]LogConfig: Setting CVar [[r.VolumetricFog.HistoryMissSupersampleCount:4]]
[2020.07.31-00.09.22:057][  0]LogConfig: Setting CVar [[r.LightMaxDrawDistanceScale:1]]
[2020.07.31-00.09.22:057][  0]LogConfig: Setting CVar [[r.CapsuleShadows:1]]
[2020.07.31-00.09.22:057][  0]LogConfig: Applying CVar settings from Section [PostProcessQuality@3] File [C:/Users/vmelo/Desktop/GitHub/SimpleShooter/SimpleShooter/Saved/Config/Windows/Scalability.ini]
[2020.07.31-00.09.22:057][  0]LogConfig: Setting CVar [[r.MotionBlurQuality:4]]
[2020.07.31-00.09.22:057][  0]LogConfig: Setting CVar [[r.AmbientOcclusionMipLevelFactor:0.4]]
[2020.07.31-00.09.22:057][  0]LogConfig: Setting CVar [[r.AmbientOcclusionMaxQuality:100]]
[2020.07.31-00.09.22:057][  0]LogConfig: Setting CVar [[r.AmbientOcclusionLevels:-1]]
[2020.07.31-00.09.22:057][  0]LogConfig: Setting CVar [[r.AmbientOcclusionRadiusScale:1.0]]
[2020.07.31-00.09.22:057][  0]LogConfig: Setting CVar [[r.DepthOfFieldQuality:2]]
[2020.07.31-00.09.22:057][  0]LogConfig: Setting CVar [[r.RenderTargetPoolMin:400]]
[2020.07.31-00.09.22:057][  0]LogConfig: Setting CVar [[r.LensFlareQuality:2]]
[2020.07.31-00.09.22:057][  0]LogConfig: Setting CVar [[r.SceneColorFringeQuality:1]]
[2020.07.31-00.09.22:057][  0]LogConfig: Setting CVar [[r.EyeAdaptationQuality:2]]
[2020.07.31-00.09.22:057][  0]LogConfig: Setting CVar [[r.BloomQuality:5]]
[2020.07.31-00.09.22:057][  0]LogConfig: Setting CVar [[r.FastBlurThreshold:100]]
[2020.07.31-00.09.22:057][  0]LogConfig: Setting CVar [[r.Upscale.Quality:3]]
[2020.07.31-00.09.22:058][  0]LogConfig: Setting CVar [[r.Tonemapper.GrainQuantization:1]]
[2020.07.31-00.09.22:058][  0]LogConfig: Setting CVar [[r.LightShaftQuality:1]]
[2020.07.31-00.09.22:058][  0]LogConfig: Setting CVar [[r.Filter.SizeScale:1]]
[2020.07.31-00.09.22:058][  0]LogConfig: Setting CVar [[r.Tonemapper.Quality:5]]
[2020.07.31-00.09.22:058][  0]LogConfig: Setting CVar [[r.DOF.Gather.AccumulatorQuality:1        ; higher gathering accumulator quality]]
[2020.07.31-00.09.22:058][  0]LogConfig: Setting CVar [[r.DOF.Gather.PostfilterMethod:1          ; Median3x3 postfilering method]]
[2020.07.31-00.09.22:058][  0]LogConfig: Setting CVar [[r.DOF.Gather.EnableBokehSettings:0       ; no bokeh simulation when gathering]]
[2020.07.31-00.09.22:058][  0]LogConfig: Setting CVar [[r.DOF.Gather.RingCount:4                 ; medium number of samples when gathering]]
[2020.07.31-00.09.22:058][  0]LogConfig: Setting CVar [[r.DOF.Scatter.ForegroundCompositing:1    ; additive foreground scattering]]
[2020.07.31-00.09.22:058][  0]LogConfig: Setting CVar [[r.DOF.Scatter.BackgroundCompositing:2    ; additive background scattering]]
[2020.07.31-00.09.22:058][  0]LogConfig: Setting CVar [[r.DOF.Scatter.EnableBokehSettings:1      ; bokeh simulation when scattering]]
[2020.07.31-00.09.22:058][  0]LogConfig: Setting CVar [[r.DOF.Scatter.MaxSpriteRatio:0.1         ; only a maximum of 10% of scattered bokeh]]
[2020.07.31-00.09.22:058][  0]LogConfig: Setting CVar [[r.DOF.Recombine.Quality:1                ; cheap slight out of focus]]
[2020.07.31-00.09.22:058][  0]LogConfig: Setting CVar [[r.DOF.Recombine.EnableBokehSettings:0    ; no bokeh simulation on slight out of focus]]
[2020.07.31-00.09.22:058][  0]LogConfig: Setting CVar [[r.DOF.TemporalAAQuality:1                ; more stable temporal accumulation]]
[2020.07.31-00.09.22:058][  0]LogConfig: Setting CVar [[r.DOF.Kernel.MaxForegroundRadius:0.025]]
[2020.07.31-00.09.22:058][  0]LogConfig: Setting CVar [[r.DOF.Kernel.MaxBackgroundRadius:0.025]]
[2020.07.31-00.09.22:058][  0]LogConfig: Applying CVar settings from Section [TextureQuality@3] File [C:/Users/vmelo/Desktop/GitHub/SimpleShooter/SimpleShooter/Saved/Config/Windows/Scalability.ini]
[2020.07.31-00.09.22:058][  0]LogConfig: Setting CVar [[r.Streaming.MipBias:0]]
[2020.07.31-00.09.22:058][  0]LogConfig: Setting CVar [[r.Streaming.AmortizeCPUToGPUCopy:0]]
[2020.07.31-00.09.22:058][  0]LogConfig: Setting CVar [[r.Streaming.MaxNumTexturesToStreamPerFrame:0]]
[2020.07.31-00.09.22:058][  0]LogConfig: Setting CVar [[r.Streaming.Boost:1]]
[2020.07.31-00.09.22:058][  0]LogConfig: Setting CVar [[r.MaxAnisotropy:8]]
[2020.07.31-00.09.22:058][  0]LogConfig: Setting CVar [[r.VT.MaxAnisotropy:8]]
[2020.07.31-00.09.22:058][  0]LogConfig: Setting CVar [[r.Streaming.LimitPoolSizeToVRAM:0]]
[2020.07.31-00.09.22:058][  0]LogConfig: Setting CVar [[r.Streaming.PoolSize:1000]]
[2020.07.31-00.09.22:058][  0]LogConfig: Setting CVar [[r.Streaming.MaxEffectiveScreenSize:0]]
[2020.07.31-00.09.22:058][  0]LogConfig: Applying CVar settings from Section [EffectsQuality@3] File [C:/Users/vmelo/Desktop/GitHub/SimpleShooter/SimpleShooter/Saved/Config/Windows/Scalability.ini]
[2020.07.31-00.09.22:058][  0]LogConfig: Setting CVar [[r.TranslucencyLightingVolumeDim:64]]
[2020.07.31-00.09.22:058][  0]LogConfig: Setting CVar [[r.RefractionQuality:2]]
[2020.07.31-00.09.22:058][  0]LogConfig: Setting CVar [[r.SSR.Quality:3]]
[2020.07.31-00.09.22:058][  0]LogConfig: Setting CVar [[r.SSR.HalfResSceneColor:0]]
[2020.07.31-00.09.22:058][  0]LogConfig: Setting CVar [[r.SceneColorFormat:4]]
[2020.07.31-00.09.22:058][  0]LogConfig: Setting CVar [[r.DetailMode:2]]
[2020.07.31-00.09.22:058][  0]LogConfig: Setting CVar [[r.TranslucencyVolumeBlur:1]]
[2020.07.31-00.09.22:058][  0]LogConfig: Setting CVar [[r.MaterialQualityLevel:1 ; High quality]]
[2020.07.31-00.09.22:058][  0]LogConfig: Setting CVar [[r.SSS.Scale:1]]
[2020.07.31-00.09.22:058][  0]LogConfig: Setting CVar [[r.SSS.SampleSet:2]]
[2020.07.31-00.09.22:058][  0]LogConfig: Setting CVar [[r.SSS.Quality:1]]
[2020.07.31-00.09.22:058][  0]LogConfig: Setting CVar [[r.SSS.HalfRes:0]]
[2020.07.31-00.09.22:058][  0]LogConfig: Setting CVar [[r.SSGI.Quality:3]]
[2020.07.31-00.09.22:058][  0]LogConfig: Setting CVar [[r.EmitterSpawnRateScale:1.0]]
[2020.07.31-00.09.22:058][  0]LogConfig: Setting CVar [[r.ParticleLightQuality:2]]
[2020.07.31-00.09.22:058][  0]LogConfig: Setting CVar [[r.SkyAtmosphere.AerialPerspectiveLUT.FastApplyOnOpaque:1 ; Always have FastSkyLUT 1 in this case to avoid wrong sky]]
[2020.07.31-00.09.22:058][  0]LogConfig: Setting CVar [[r.SkyAtmosphere.AerialPerspectiveLUT.SampleCountPerSlice:1]]
[2020.07.31-00.09.22:058][  0]LogConfig: Setting CVar [[r.SkyAtmosphere.AerialPerspectiveLUT.DepthResolution:16.0]]
[2020.07.31-00.09.22:058][  0]LogConfig: Setting CVar [[r.SkyAtmosphere.FastSkyLUT:1]]
[2020.07.31-00.09.22:058][  0]LogConfig: Setting CVar [[r.SkyAtmosphere.FastSkyLUT.SampleCountMin:4.0]]
[2020.07.31-00.09.22:058][  0]LogConfig: Setting CVar [[r.SkyAtmosphere.FastSkyLUT.SampleCountMax:32.0]]
[2020.07.31-00.09.22:058][  0]LogConfig: Setting CVar [[r.SkyAtmosphere.SampleCountMin:4.0]]
[2020.07.31-00.09.22:058][  0]LogConfig: Setting CVar [[r.SkyAtmosphere.SampleCountMax:32.0]]
[2020.07.31-00.09.22:058][  0]LogConfig: Setting CVar [[r.SkyAtmosphere.TransmittanceLUT.UseSmallFormat:0]]
[2020.07.31-00.09.22:058][  0]LogConfig: Setting CVar [[r.SkyAtmosphere.TransmittanceLUT.SampleCount:10.0]]
[2020.07.31-00.09.22:058][  0]LogConfig: Setting CVar [[r.SkyAtmosphere.MultiScatteringLUT.SampleCount:15.0]]
[2020.07.31-00.09.22:058][  0]LogConfig: Applying CVar settings from Section [FoliageQuality@3] File [C:/Users/vmelo/Desktop/GitHub/SimpleShooter/SimpleShooter/Saved/Config/Windows/Scalability.ini]
[2020.07.31-00.09.22:058][  0]LogConfig: Setting CVar [[foliage.DensityScale:1.0]]
[2020.07.31-00.09.22:058][  0]LogConfig: Setting CVar [[grass.DensityScale:1.0]]
[2020.07.31-00.09.22:058][  0]LogConfig: Applying CVar settings from Section [ShadingQuality@3] File [C:/Users/vmelo/Desktop/GitHub/SimpleShooter/SimpleShooter/Saved/Config/Windows/Scalability.ini]
[2020.07.31-00.09.22:058][  0]LogConfig: Setting CVar [[r.HairStrands.SkyLighting.SampleCount:16]]
[2020.07.31-00.09.22:058][  0]LogConfig: Setting CVar [[r.HairStrands.SkyLighting.JitterIntegration:0]]
[2020.07.31-00.09.22:058][  0]LogConfig: Setting CVar [[r.HairStrands.SkyAO.SampleCount:16]]
[2020.07.31-00.09.22:058][  0]LogConfig: Setting CVar [[r.HairStrands.DeepShadow.SuperSampling:0]]
[2020.07.31-00.09.22:058][  0]LogConfig: Setting CVar [[r.HairStrands.VisibilityPPLL:0]]
[2020.07.31-00.09.22:058][  0]LogConfig: Setting CVar [[r.HairStrands.RasterizationScale:0.5]]
[2020.07.31-00.09.22:058][  0]LogConfig: Setting CVar [[r.HairStrands.VelocityRasterizationScale:1]]
[2020.07.31-00.09.22:058][  0]LogInit: Selected Device Profile: [Windows]
[2020.07.31-00.09.22:058][  0]LogInit: Applying CVar settings loaded from the selected device profile: [Windows]
[2020.07.31-00.09.22:058][  0]LogHAL: Display: Platform has ~ 32 GB [34283311104 / 34359738368 / 32], which maps to Largest [LargestMinGB=32, LargerMinGB=12, DefaultMinGB=8, SmallerMinGB=6, SmallestMinGB=0)
[2020.07.31-00.09.22:058][  0]LogInit: Going up to parent DeviceProfile []
[2020.07.31-00.09.22:058][  0]LogConfig: Applying CVar settings from Section [ViewDistanceQuality@3] File [C:/Users/vmelo/Desktop/GitHub/SimpleShooter/SimpleShooter/Saved/Config/Windows/Scalability.ini]
[2020.07.31-00.09.22:058][  0]LogConfig: Setting CVar [[r.SkeletalMeshLODBias:0]]
[2020.07.31-00.09.22:058][  0]LogConfig: Setting CVar [[r.ViewDistanceScale:1.0]]
[2020.07.31-00.09.22:058][  0]LogConfig: Applying CVar settings from Section [AntiAliasingQuality@3] File [C:/Users/vmelo/Desktop/GitHub/SimpleShooter/SimpleShooter/Saved/Config/Windows/Scalability.ini]
[2020.07.31-00.09.22:058][  0]LogConfig: Setting CVar [[r.PostProcessAAQuality:4]]
[2020.07.31-00.09.22:058][  0]LogConfig: Applying CVar settings from Section [ShadowQuality@3] File [C:/Users/vmelo/Desktop/GitHub/SimpleShooter/SimpleShooter/Saved/Config/Windows/Scalability.ini]
[2020.07.31-00.09.22:058][  0]LogConfig: Setting CVar [[r.LightFunctionQuality:1]]
[2020.07.31-00.09.22:058][  0]LogConfig: Setting CVar [[r.ShadowQuality:5]]
[2020.07.31-00.09.22:058][  0]LogConfig: Setting CVar [[r.Shadow.CSM.MaxCascades:10]]
[2020.07.31-00.09.22:058][  0]LogConfig: Setting CVar [[r.Shadow.MaxResolution:2048]]
[2020.07.31-00.09.22:058][  0]LogConfig: Setting CVar [[r.Shadow.MaxCSMResolution:2048]]
[2020.07.31-00.09.22:058][  0]LogConfig: Setting CVar [[r.Shadow.RadiusThreshold:0.01]]
[2020.07.31-00.09.22:058][  0]LogConfig: Setting CVar [[r.Shadow.DistanceScale:1.0]]
[2020.07.31-00.09.22:058][  0]LogConfig: Setting CVar [[r.Shadow.CSM.TransitionScale:1.0]]
[2020.07.31-00.09.22:058][  0]LogConfig: Setting CVar [[r.Shadow.PreShadowResolutionFactor:1.0]]
[2020.07.31-00.09.22:058][  0]LogConfig: Setting CVar [[r.DistanceFieldShadowing:1]]
[2020.07.31-00.09.22:058][  0]LogConfig: Setting CVar [[r.DistanceFieldAO:1]]
[2020.07.31-00.09.22:058][  0]LogConfig: Setting CVar [[r.AOQuality:2]]
[2020.07.31-00.09.22:058][  0]LogConfig: Setting CVar [[r.VolumetricFog:1]]
[2020.07.31-00.09.22:058][  0]LogConfig: Setting CVar [[r.VolumetricFog.GridPixelSize:8]]
[2020.07.31-00.09.22:058][  0]LogConfig: Setting CVar [[r.VolumetricFog.GridSizeZ:128]]
[2020.07.31-00.09.22:058][  0]LogConfig: Setting CVar [[r.VolumetricFog.HistoryMissSupersampleCount:4]]
[2020.07.31-00.09.22:058][  0]LogConfig: Setting CVar [[r.LightMaxDrawDistanceScale:1]]
[2020.07.31-00.09.22:058][  0]LogConfig: Setting CVar [[r.CapsuleShadows:1]]
[2020.07.31-00.09.22:058][  0]LogConfig: Applying CVar settings from Section [PostProcessQuality@3] File [C:/Users/vmelo/Desktop/GitHub/SimpleShooter/SimpleShooter/Saved/Config/Windows/Scalability.ini]
[2020.07.31-00.09.22:058][  0]LogConfig: Setting CVar [[r.MotionBlurQuality:4]]
[2020.07.31-00.09.22:059][  0]LogConfig: Setting CVar [[r.AmbientOcclusionMipLevelFactor:0.4]]
[2020.07.31-00.09.22:059][  0]LogConfig: Setting CVar [[r.AmbientOcclusionMaxQuality:100]]
[2020.07.31-00.09.22:059][  0]LogConfig: Setting CVar [[r.AmbientOcclusionLevels:-1]]
[2020.07.31-00.09.22:059][  0]LogConfig: Setting CVar [[r.AmbientOcclusionRadiusScale:1.0]]
[2020.07.31-00.09.22:059][  0]LogConfig: Setting CVar [[r.DepthOfFieldQuality:2]]
[2020.07.31-00.09.22:059][  0]LogConfig: Setting CVar [[r.RenderTargetPoolMin:400]]
[2020.07.31-00.09.22:059][  0]LogConfig: Setting CVar [[r.LensFlareQuality:2]]
[2020.07.31-00.09.22:059][  0]LogConfig: Setting CVar [[r.SceneColorFringeQuality:1]]
[2020.07.31-00.09.22:059][  0]LogConfig: Setting CVar [[r.EyeAdaptationQuality:2]]
[2020.07.31-00.09.22:059][  0]LogConfig: Setting CVar [[r.BloomQuality:5]]
[2020.07.31-00.09.22:059][  0]LogConfig: Setting CVar [[r.FastBlurThreshold:100]]
[2020.07.31-00.09.22:059][  0]LogConfig: Setting CVar [[r.Upscale.Quality:3]]
[2020.07.31-00.09.22:059][  0]LogConfig: Setting CVar [[r.Tonemapper.GrainQuantization:1]]
[2020.07.31-00.09.22:059][  0]LogConfig: Setting CVar [[r.LightShaftQuality:1]]
[2020.07.31-00.09.22:059][  0]LogConfig: Setting CVar [[r.Filter.SizeScale:1]]
[2020.07.31-00.09.22:059][  0]LogConfig: Setting CVar [[r.Tonemapper.Quality:5]]
[2020.07.31-00.09.22:059][  0]LogConfig: Setting CVar [[r.DOF.Gather.AccumulatorQuality:1        ; higher gathering accumulator quality]]
[2020.07.31-00.09.22:059][  0]LogConfig: Setting CVar [[r.DOF.Gather.PostfilterMethod:1          ; Median3x3 postfilering method]]
[2020.07.31-00.09.22:059][  0]LogConfig: Setting CVar [[r.DOF.Gather.EnableBokehSettings:0       ; no bokeh simulation when gathering]]
[2020.07.31-00.09.22:059][  0]LogConfig: Setting CVar [[r.DOF.Gather.RingCount:4                 ; medium number of samples when gathering]]
[2020.07.31-00.09.22:059][  0]LogConfig: Setting CVar [[r.DOF.Scatter.ForegroundCompositing:1    ; additive foreground scattering]]
[2020.07.31-00.09.22:059][  0]LogConfig: Setting CVar [[r.DOF.Scatter.BackgroundCompositing:2    ; additive background scattering]]
[2020.07.31-00.09.22:059][  0]LogConfig: Setting CVar [[r.DOF.Scatter.EnableBokehSettings:1      ; bokeh simulation when scattering]]
[2020.07.31-00.09.22:059][  0]LogConfig: Setting CVar [[r.DOF.Scatter.MaxSpriteRatio:0.1         ; only a maximum of 10% of scattered bokeh]]
[2020.07.31-00.09.22:059][  0]LogConfig: Setting CVar [[r.DOF.Recombine.Quality:1                ; cheap slight out of focus]]
[2020.07.31-00.09.22:059][  0]LogConfig: Setting CVar [[r.DOF.Recombine.EnableBokehSettings:0    ; no bokeh simulation on slight out of focus]]
[2020.07.31-00.09.22:059][  0]LogConfig: Setting CVar [[r.DOF.TemporalAAQuality:1                ; more stable temporal accumulation]]
[2020.07.31-00.09.22:059][  0]LogConfig: Setting CVar [[r.DOF.Kernel.MaxForegroundRadius:0.025]]
[2020.07.31-00.09.22:059][  0]LogConfig: Setting CVar [[r.DOF.Kernel.MaxBackgroundRadius:0.025]]
[2020.07.31-00.09.22:059][  0]LogConfig: Applying CVar settings from Section [TextureQuality@3] File [C:/Users/vmelo/Desktop/GitHub/SimpleShooter/SimpleShooter/Saved/Config/Windows/Scalability.ini]
[2020.07.31-00.09.22:059][  0]LogConfig: Setting CVar [[r.Streaming.MipBias:0]]
[2020.07.31-00.09.22:059][  0]LogConfig: Setting CVar [[r.Streaming.AmortizeCPUToGPUCopy:0]]
[2020.07.31-00.09.22:059][  0]LogConfig: Setting CVar [[r.Streaming.MaxNumTexturesToStreamPerFrame:0]]
[2020.07.31-00.09.22:059][  0]LogConfig: Setting CVar [[r.Streaming.Boost:1]]
[2020.07.31-00.09.22:059][  0]LogConfig: Setting CVar [[r.MaxAnisotropy:8]]
[2020.07.31-00.09.22:059][  0]LogConfig: Setting CVar [[r.VT.MaxAnisotropy:8]]
[2020.07.31-00.09.22:059][  0]LogConfig: Setting CVar [[r.Streaming.LimitPoolSizeToVRAM:0]]
[2020.07.31-00.09.22:059][  0]LogConfig: Setting CVar [[r.Streaming.PoolSize:1000]]
[2020.07.31-00.09.22:059][  0]LogConfig: Setting CVar [[r.Streaming.MaxEffectiveScreenSize:0]]
[2020.07.31-00.09.22:059][  0]LogConfig: Applying CVar settings from Section [EffectsQuality@3] File [C:/Users/vmelo/Desktop/GitHub/SimpleShooter/SimpleShooter/Saved/Config/Windows/Scalability.ini]
[2020.07.31-00.09.22:059][  0]LogConfig: Setting CVar [[r.TranslucencyLightingVolumeDim:64]]
[2020.07.31-00.09.22:059][  0]LogConfig: Setting CVar [[r.RefractionQuality:2]]
[2020.07.31-00.09.22:059][  0]LogConfig: Setting CVar [[r.SSR.Quality:3]]
[2020.07.31-00.09.22:059][  0]LogConfig: Setting CVar [[r.SSR.HalfResSceneColor:0]]
[2020.07.31-00.09.22:059][  0]LogConfig: Setting CVar [[r.SceneColorFormat:4]]
[2020.07.31-00.09.22:059][  0]LogConfig: Setting CVar [[r.DetailMode:2]]
[2020.07.31-00.09.22:059][  0]LogConfig: Setting CVar [[r.TranslucencyVolumeBlur:1]]
[2020.07.31-00.09.22:059][  0]LogConfig: Setting CVar [[r.MaterialQualityLevel:1 ; High quality]]
[2020.07.31-00.09.22:059][  0]LogConfig: Setting CVar [[r.SSS.Scale:1]]
[2020.07.31-00.09.22:059][  0]LogConfig: Setting CVar [[r.SSS.SampleSet:2]]
[2020.07.31-00.09.22:059][  0]LogConfig: Setting CVar [[r.SSS.Quality:1]]
[2020.07.31-00.09.22:059][  0]LogConfig: Setting CVar [[r.SSS.HalfRes:0]]
[2020.07.31-00.09.22:059][  0]LogConfig: Setting CVar [[r.SSGI.Quality:3]]
[2020.07.31-00.09.22:059][  0]LogConfig: Setting CVar [[r.EmitterSpawnRateScale:1.0]]
[2020.07.31-00.09.22:059][  0]LogConfig: Setting CVar [[r.ParticleLightQuality:2]]
[2020.07.31-00.09.22:059][  0]LogConfig: Setting CVar [[r.SkyAtmosphere.AerialPerspectiveLUT.FastApplyOnOpaque:1 ; Always have FastSkyLUT 1 in this case to avoid wrong sky]]
[2020.07.31-00.09.22:059][  0]LogConfig: Setting CVar [[r.SkyAtmosphere.AerialPerspectiveLUT.SampleCountPerSlice:1]]
[2020.07.31-00.09.22:059][  0]LogConfig: Setting CVar [[r.SkyAtmosphere.AerialPerspectiveLUT.DepthResolution:16.0]]
[2020.07.31-00.09.22:059][  0]LogConfig: Setting CVar [[r.SkyAtmosphere.FastSkyLUT:1]]
[2020.07.31-00.09.22:059][  0]LogConfig: Setting CVar [[r.SkyAtmosphere.FastSkyLUT.SampleCountMin:4.0]]
[2020.07.31-00.09.22:059][  0]LogConfig: Setting CVar [[r.SkyAtmosphere.FastSkyLUT.SampleCountMax:32.0]]
[2020.07.31-00.09.22:059][  0]LogConfig: Setting CVar [[r.SkyAtmosphere.SampleCountMin:4.0]]
[2020.07.31-00.09.22:059][  0]LogConfig: Setting CVar [[r.SkyAtmosphere.SampleCountMax:32.0]]
[2020.07.31-00.09.22:059][  0]LogConfig: Setting CVar [[r.SkyAtmosphere.TransmittanceLUT.UseSmallFormat:0]]
[2020.07.31-00.09.22:059][  0]LogConfig: Setting CVar [[r.SkyAtmosphere.TransmittanceLUT.SampleCount:10.0]]
[2020.07.31-00.09.22:059][  0]LogConfig: Setting CVar [[r.SkyAtmosphere.MultiScatteringLUT.SampleCount:15.0]]
[2020.07.31-00.09.22:059][  0]LogConfig: Applying CVar settings from Section [FoliageQuality@3] File [C:/Users/vmelo/Desktop/GitHub/SimpleShooter/SimpleShooter/Saved/Config/Windows/Scalability.ini]
[2020.07.31-00.09.22:059][  0]LogConfig: Setting CVar [[foliage.DensityScale:1.0]]
[2020.07.31-00.09.22:059][  0]LogConfig: Setting CVar [[grass.DensityScale:1.0]]
[2020.07.31-00.09.22:059][  0]LogConfig: Applying CVar settings from Section [ShadingQuality@3] File [C:/Users/vmelo/Desktop/GitHub/SimpleShooter/SimpleShooter/Saved/Config/Windows/Scalability.ini]
[2020.07.31-00.09.22:059][  0]LogConfig: Setting CVar [[r.HairStrands.SkyLighting.SampleCount:16]]
[2020.07.31-00.09.22:059][  0]LogConfig: Setting CVar [[r.HairStrands.SkyLighting.JitterIntegration:0]]
[2020.07.31-00.09.22:059][  0]LogConfig: Setting CVar [[r.HairStrands.SkyAO.SampleCount:16]]
[2020.07.31-00.09.22:059][  0]LogConfig: Setting CVar [[r.HairStrands.DeepShadow.SuperSampling:0]]
[2020.07.31-00.09.22:059][  0]LogConfig: Setting CVar [[r.HairStrands.VisibilityPPLL:0]]
[2020.07.31-00.09.22:059][  0]LogConfig: Setting CVar [[r.HairStrands.RasterizationScale:0.5]]
[2020.07.31-00.09.22:059][  0]LogConfig: Setting CVar [[r.HairStrands.VelocityRasterizationScale:1]]
[2020.07.31-00.09.22:059][  0]LogConfig: Applying CVar settings from Section [Startup] File [../../../Engine/Config/ConsoleVariables.ini]
[2020.07.31-00.09.22:059][  0]LogConfig: Setting CVar [[net.UseAdaptiveNetUpdateFrequency:0]]
[2020.07.31-00.09.22:059][  0]LogConfig: Setting CVar [[p.chaos.AllowCreatePhysxBodies:1]]
[2020.07.31-00.09.22:059][  0]LogConfig: Setting CVar [[fx.SkipVectorVMBackendOptimizations:1]]
[2020.07.31-00.09.22:059][  0]LogConfig: Applying CVar settings from Section [ConsoleVariables] File [C:/Users/vmelo/Desktop/GitHub/SimpleShooter/SimpleShooter/Saved/Config/Windows/Engine.ini]
[2020.07.31-00.09.22:059][  0]LogInit: Computer: DESKTOP-JTGB77T
[2020.07.31-00.09.22:059][  0]LogInit: User: vmelo
[2020.07.31-00.09.22:059][  0]LogInit: CPU Page size=4096, Cores=6
[2020.07.31-00.09.22:060][  0]LogInit: High frequency timer resolution =10.000000 MHz
[2020.07.31-00.09.22:060][  0]LogMemory: Memory total: Physical=31.9GB (32GB approx)
[2020.07.31-00.09.22:060][  0]LogMemory: Platform Memory Stats for Windows
[2020.07.31-00.09.22:060][  0]LogMemory: Process Physical Memory: 118.84 MB used, 118.85 MB peak
[2020.07.31-00.09.22:060][  0]LogMemory: Process Virtual Memory: 106.13 MB used, 106.13 MB peak
[2020.07.31-00.09.22:060][  0]LogMemory: Physical Memory: 14398.04 MB used,  18297.07 MB free, 32695.11 MB total
[2020.07.31-00.09.22:060][  0]LogMemory: Virtual Memory: 5188.56 MB used,  134212536.00 MB free, 134217728.00 MB total
[2020.07.31-00.09.22:064][  0]LogWindows: WindowsPlatformFeatures enabled
[2020.07.31-00.09.22:086][  0]LogInit: Physics initialised using underlying interface: PhysX
[2020.07.31-00.09.22:087][  0]LogInit: Using OS detected language (en-US).
[2020.07.31-00.09.22:087][  0]LogInit: Using OS detected locale (en-US).
[2020.07.31-00.09.22:088][  0]LogTextLocalizationManager: No specific localization for 'en-US' exists, so the 'en' localization will be used.
[2020.07.31-00.09.22:211][  0]LogInit: Setting process to per monitor DPI aware
[2020.07.31-00.09.22:239][  0]LogSlate: New Slate User Created.  User Index 0, Is Virtual User: 0
[2020.07.31-00.09.22:240][  0]LogSlate: Slate User Registered.  User Index 0, Is Virtual User: 0
[2020.07.31-00.09.22:352][  0]LogHMD: Failed to initialize OpenVR with code 108
[2020.07.31-00.09.22:352][  0]LogD3D11RHI: D3D11 min allowed feature level: 11_0
[2020.07.31-00.09.22:352][  0]LogD3D11RHI: D3D11 max allowed feature level: 11_0
[2020.07.31-00.09.22:352][  0]LogD3D11RHI: D3D11 adapters:
[2020.07.31-00.09.22:400][  0]LogD3D11RHI:    0. 'NVIDIA GeForce RTX 2080 Ti' (Feature Level 11_0)
[2020.07.31-00.09.22:400][  0]LogD3D11RHI:       11048/0/16347 MB DedicatedVideo/DedicatedSystem/SharedSystem, Outputs:2, VendorId:0x10de
[2020.07.31-00.09.22:402][  0]LogD3D11RHI:    1. 'Microsoft Basic Render Driver' (Feature Level 11_0)
[2020.07.31-00.09.22:402][  0]LogD3D11RHI:       0/0/16347 MB DedicatedVideo/DedicatedSystem/SharedSystem, Outputs:0, VendorId:0x1414
[2020.07.31-00.09.22:402][  0]LogD3D11RHI: Chosen D3D11 Adapter: 0
[2020.07.31-00.09.22:411][  0]LogD3D11RHI: Creating new Direct3DDevice
[2020.07.31-00.09.22:411][  0]LogD3D11RHI:     GPU DeviceId: 0x1e07 (for the marketing name, search the web for "GPU Device Id")
[2020.07.31-00.09.22:411][  0]LogWindows: EnumDisplayDevices:
[2020.07.31-00.09.22:411][  0]LogWindows:    0. 'NVIDIA GeForce RTX 2080 Ti' (P:1 D:1)
[2020.07.31-00.09.22:411][  0]LogWindows:    1. 'NVIDIA GeForce RTX 2080 Ti' (P:0 D:1)
[2020.07.31-00.09.22:412][  0]LogWindows:    2. 'NVIDIA GeForce RTX 2080 Ti' (P:0 D:0)
[2020.07.31-00.09.22:412][  0]LogWindows:    3. 'NVIDIA GeForce RTX 2080 Ti' (P:0 D:0)
[2020.07.31-00.09.22:412][  0]LogWindows: DebugString: FoundDriverCount:4 
[2020.07.31-00.09.22:412][  0]LogD3D11RHI:     Adapter Name: NVIDIA GeForce RTX 2080 Ti
[2020.07.31-00.09.22:412][  0]LogD3D11RHI:   Driver Version: 451.48 (internal:27.21.14.5148, unified:451.48)
[2020.07.31-00.09.22:412][  0]LogD3D11RHI:      Driver Date: 6-21-2020
[2020.07.31-00.09.22:412][  0]LogRHI: Texture pool is 7733 MB (70% of 11048 MB)
[2020.07.31-00.09.22:444][  0]LogD3D11RHI: RHI has support for 64 bit atomics
[2020.07.31-00.09.22:445][  0]LogD3D11RHI: [Aftermath] Enabled and primed
[2020.07.31-00.09.22:445][  0]LogD3D11RHI: Async texture creation enabled
[2020.07.31-00.09.22:445][  0]LogD3D11RHI: Array index from any shader is supported
[2020.07.31-00.09.22:447][  0]LogD3D11RHI: HDR output is supported on display 0 (NvId: 0x80061086).
[2020.07.31-00.09.22:466][  0]LogD3D11RHI: GPU Timing Frequency: 1000.000000 (Debug: 2 2)
[2020.07.31-00.09.22:706][  0]LogTargetPlatformManager: Display: Loaded TargetPlatform 'AllDesktop'
[2020.07.31-00.09.22:721][  0]LogTargetPlatformManager: Display: Loaded TargetPlatform 'Android'
[2020.07.31-00.09.22:721][  0]LogTargetPlatformManager: Display: Loaded TargetPlatform 'Android_ASTC'
[2020.07.31-00.09.22:721][  0]LogTargetPlatformManager: Display: Loaded TargetPlatform 'Android_DXT'
[2020.07.31-00.09.22:721][  0]LogTargetPlatformManager: Display: Loaded TargetPlatform 'Android_ETC2'
[2020.07.31-00.09.22:721][  0]LogTargetPlatformManager: Display: Loaded TargetPlatform 'AndroidClient'
[2020.07.31-00.09.22:721][  0]LogTargetPlatformManager: Display: Loaded TargetPlatform 'Android_ASTCClient'
[2020.07.31-00.09.22:721][  0]LogTargetPlatformManager: Display: Loaded TargetPlatform 'Android_DXTClient'
[2020.07.31-00.09.22:721][  0]LogTargetPlatformManager: Display: Loaded TargetPlatform 'Android_ETC2Client'
[2020.07.31-00.09.22:721][  0]LogTargetPlatformManager: Display: Loaded TargetPlatform 'Android_Multi'
[2020.07.31-00.09.22:721][  0]LogTargetPlatformManager: Display: Loaded TargetPlatform 'Android_MultiClient'
[2020.07.31-00.09.22:737][  0]LogTargetPlatformManager: Display: Loaded TargetPlatform 'IOSClient'
[2020.07.31-00.09.22:737][  0]LogTargetPlatformManager: Display: Loaded TargetPlatform 'IOS'
[2020.07.31-00.09.22:744][  0]LogTargetPlatformManager: Display: Loaded TargetPlatform 'Linux'
[2020.07.31-00.09.22:750][  0]LogTargetPlatformManager: Display: Loaded TargetPlatform 'LinuxNoEditor'
[2020.07.31-00.09.22:756][  0]LogTargetPlatformManager: Display: Loaded TargetPlatform 'LinuxClient'
[2020.07.31-00.09.22:763][  0]LogTargetPlatformManager: Display: Loaded TargetPlatform 'LinuxServer'
[2020.07.31-00.09.22:769][  0]LogTargetPlatformManager: Display: Loaded TargetPlatform 'LinuxAArch64NoEditor'
[2020.07.31-00.09.22:775][  0]LogTargetPlatformManager: Display: Loaded TargetPlatform 'LinuxAArch64Client'
[2020.07.31-00.09.22:781][  0]LogTargetPlatformManager: Display: Loaded TargetPlatform 'LinuxAArch64Server'
[2020.07.31-00.09.22:799][  0]LogTargetPlatformManager: Display: Loaded TargetPlatform 'Lumin'
[2020.07.31-00.09.22:799][  0]LogTargetPlatformManager: Display: Loaded TargetPlatform 'LuminClient'
[2020.07.31-00.09.22:809][  0]LogTargetPlatformManager: Display: Loaded TargetPlatform 'TVOSClient'
[2020.07.31-00.09.22:809][  0]LogTargetPlatformManager: Display: Loaded TargetPlatform 'TVOS'
[2020.07.31-00.09.22:815][  0]LogTargetPlatformManager: Display: Loaded TargetPlatform 'WindowsNoEditor'
[2020.07.31-00.09.22:822][  0]LogTargetPlatformManager: Display: Loaded TargetPlatform 'Windows'
[2020.07.31-00.09.22:828][  0]LogTargetPlatformManager: Display: Loaded TargetPlatform 'WindowsClient'
[2020.07.31-00.09.22:835][  0]LogTargetPlatformManager: Display: Loaded TargetPlatform 'WindowsServer'
[2020.07.31-00.09.22:835][  0]LogTargetPlatformManager: Display: Building Assets For Windows
[2020.07.31-00.09.22:840][  0]LogAudioDebug: Display: Lib vorbis DLL was dynamically loaded.
[2020.07.31-00.09.22:877][  0]LogShaderCompilers: Guid format shader working directory is -12 characters bigger than the processId version (C:/Users/vmelo/Desktop/GitHub/SimpleShooter/SimpleShooter/Intermediate/Shaders/WorkingDirectory/44028/).
[2020.07.31-00.09.22:877][  0]LogShaderCompilers: Cleaned the shader compiler working directory 'C:/Users/vmelo/AppData/Local/Temp/UnrealShaderWorkingDir/CF69AE314755A3ECF5D82CA3B3AD2527/'.
[2020.07.31-00.09.22:877][  0]LogXGEController: Cleaning working directory: C:/Users/vmelo/AppData/Local/Temp/UnrealXGEWorkingDir/
[2020.07.31-00.09.22:877][  0]LogXGEController: Cannot use XGE Controller as Incredibuild is not installed on this machine.
[2020.07.31-00.09.22:877][  0]LogShaderCompilers: Cannot use XGE Shader Compiler as Incredibuild is not installed on this machine.
[2020.07.31-00.09.22:877][  0]LogShaderCompilers: Display: Using Local Shader Compiler.
[2020.07.31-00.09.23:418][  0]LogDerivedDataCache: Display: Max Cache Size: 512 MB
[2020.07.31-00.09.23:454][  0]LogDerivedDataCache: Loaded boot cache 0.04s 75MB C:/Users/vmelo/AppData/Local/UnrealEngine/4.25/DerivedDataCache/Boot.ddc.
[2020.07.31-00.09.23:454][  0]LogDerivedDataCache: Display: Loaded Boot cache: C:/Users/vmelo/AppData/Local/UnrealEngine/4.25/DerivedDataCache/Boot.ddc
[2020.07.31-00.09.23:454][  0]LogDerivedDataCache: FDerivedDataBackendGraph:  Pak pak cache file C:/Users/vmelo/Desktop/GitHub/SimpleShooter/SimpleShooter/DerivedDataCache/DDC.ddp not found, will not use a pak cache.
[2020.07.31-00.09.23:454][  0]LogDerivedDataCache: Unable to find inner node Pak for hierarchical cache Hierarchy.
[2020.07.31-00.09.23:454][  0]LogDerivedDataCache: FDerivedDataBackendGraph:  CompressedPak pak cache file C:/Users/vmelo/Desktop/GitHub/SimpleShooter/SimpleShooter/DerivedDataCache/Compressed.ddp not found, will not use a pak cache.
[2020.07.31-00.09.23:454][  0]LogDerivedDataCache: Unable to find inner node CompressedPak for hierarchical cache Hierarchy.
[2020.07.31-00.09.23:461][  0]LogDerivedDataCache: Display: Pak cache opened for reading ../../../Engine/DerivedDataCache/Compressed.ddp.
[2020.07.31-00.09.23:461][  0]LogDerivedDataCache: FDerivedDataBackendGraph:  EnterprisePak pak cache file ../../../Enterprise/DerivedDataCache/Compressed.ddp not found, will not use a pak cache.
[2020.07.31-00.09.23:461][  0]LogDerivedDataCache: Unable to find inner node EnterprisePak for hierarchical cache Hierarchy.
[2020.07.31-00.09.23:463][  0]LogDerivedDataCache: Using Local data cache path C:/Users/vmelo/AppData/Local/UnrealEngine/Common/DerivedDataCache: Writable
[2020.07.31-00.09.23:463][  0]LogDerivedDataCache: Shared data cache path not found in *engine.ini, will not use an Shared cache.
[2020.07.31-00.09.23:463][  0]LogDerivedDataCache: Unable to find inner node Shared for hierarchical cache Hierarchy.
[2020.07.31-00.09.23:500][  0]LogSlate: Using FreeType 2.10.0
[2020.07.31-00.09.23:501][  0]LogSlate: SlateFontServices - WITH_FREETYPE: 1, WITH_HARFBUZZ: 1
[2020.07.31-00.09.23:517][  0]LogAssetRegistry: FAssetRegistry took 0.0018 seconds to start up
[2020.07.31-00.09.23:679][  0]LogInit: Selected Device Profile: [Windows]
[2020.07.31-00.09.23:761][  0]LogMeshReduction: Using QuadricMeshReduction for automatic static mesh reduction
[2020.07.31-00.09.23:761][  0]LogMeshReduction: Using SimplygonMeshReduction for automatic skeletal mesh reduction
[2020.07.31-00.09.23:761][  0]LogMeshReduction: Using ProxyLODMeshReduction for automatic mesh merging
[2020.07.31-00.09.23:761][  0]LogMeshReduction: No distributed automatic mesh merging module available
[2020.07.31-00.09.23:761][  0]LogMeshMerging: No distributed automatic mesh merging module available
[2020.07.31-00.09.23:773][  0]LogNetVersion: SimpleShooter 1.0.0, NetCL: 13144385, EngineNetVer: 14, GameNetVer: 0 (Checksum: 1740914163)
[2020.07.31-00.09.24:075][  0]LogAISub: UAISubsystem::UAISubsystem AISubsystem (000001AAA1A48380), frame # 0
[2020.07.31-00.09.24:075][  0]LogAISub: UAISubsystem::UAISubsystem AIPerceptionSystem (000001AAA1983C40), frame # 0
[2020.07.31-00.09.24:076][  0]LogAISub: UAISubsystem::UAISubsystem EnvQueryManager (000001AAA19D9E00), frame # 0
[2020.07.31-00.09.24:119][  0]LogPackageLocalizationCache: Processed 19 localized package path(s) for 1 prioritized culture(s) in 0.038768 seconds
[2020.07.31-00.09.24:123][  0]LogUObjectArray: 15917 objects as part of root set at end of initial load.
[2020.07.31-00.09.24:123][  0]LogUObjectAllocator: 3965568 out of 0 bytes used by permanent object pool.
[2020.07.31-00.09.24:123][  0]LogUObjectArray: CloseDisregardForGC: 0/0 objects in disregard for GC pool
[2020.07.31-00.09.24:363][  0]LogTcpMessaging: Initializing TcpMessaging bridge
[2020.07.31-00.09.24:366][  0]LogUdpMessaging: Initializing bridge on interface 0.0.0.0:0 to multicast group 230.0.0.1:6666.
[2020.07.31-00.09.24:501][  0]SourceControl: Source control is disabled
[2020.07.31-00.09.25:281][  0]LogAndroidPermission: UAndroidPermissionCallbackProxy::GetInstance
[2020.07.31-00.09.25:294][  0]LogAudioCaptureCore: Display: No Audio Capture implementations found. Audio input will be silent.
[2020.07.31-00.09.25:294][  0]LogAudioCaptureCore: Display: No Audio Capture implementations found. Audio input will be silent.
[2020.07.31-00.09.25:324][  0]LogOcInput: OculusInput pre-init called
[2020.07.31-00.09.25:331][  0]LogWindows: Failed to load 'OVRPlugin.dll' (GetLastError=126)
[2020.07.31-00.09.25:331][  0]LogWindows: File 'OVRPlugin.dll' does not exist
[2020.07.31-00.09.25:370][  0]LogEngine: Initializing Engine...
[2020.07.31-00.09.25:414][  0]LogHMD: Failed to initialize OpenVR with code 108
[2020.07.31-00.09.25:414][  0]LogMagicLeap: Warning: VR disabled because ZI is not enabled.  To enable, in the editor, Edit -> Project Settings -> Plugins -> Magic Leap Plugin -> Enable Zero Iteration
[2020.07.31-00.09.25:415][  0]LogStats: UGameplayTagsManager::InitializeManager -  0.000 s
[2020.07.31-00.09.25:494][  0]LogInit: Initializing FReadOnlyCVARCache
[2020.07.31-00.09.25:501][  0]LogAIModule: Creating AISystem for world Untitled
[2020.07.31-00.09.25:501][  0]LogAISub: UAISubsystem::UAISubsystem EnvQueryManager (000001AAA51ABC00), frame # 0
[2020.07.31-00.09.25:501][  0]LogAISub: UAISubsystem::UAISubsystem AIPerceptionSystem (000001AAA51FD940), frame # 0
[2020.07.31-00.09.25:514][  0]LogAudioMixer: Display: Audio Mixer Platform Settings:
[2020.07.31-00.09.25:514][  0]LogAudioMixer: Display: 	Sample Rate:						  48000
[2020.07.31-00.09.25:514][  0]LogAudioMixer: Display: 	Callback Buffer Frame Size Requested: 1024
[2020.07.31-00.09.25:514][  0]LogAudioMixer: Display: 	Callback Buffer Frame Size To Use:	  1024
[2020.07.31-00.09.25:514][  0]LogAudioMixer: Display: 	Number of buffers to queue:			  2
[2020.07.31-00.09.25:514][  0]LogAudioMixer: Display: 	Max Channels (voices):				  32
[2020.07.31-00.09.25:514][  0]LogAudioMixer: Display: 	Number of Async Source Workers:		  0
[2020.07.31-00.09.25:514][  0]LogAudio: Display: AudioDevice MaxSources: 32
[2020.07.31-00.09.25:514][  0]LogAudio: Display: Using built-in audio occlusion.
[2020.07.31-00.09.25:514][  0]LogAudioMixer: Display: Initializing audio mixer.
[2020.07.31-00.09.25:530][  0]LogAudioMixer: Display: 0: FrontLeft
[2020.07.31-00.09.25:530][  0]LogAudioMixer: Display: 1: FrontRight
[2020.07.31-00.09.25:618][  0]LogAudioMixer: Display: Using Audio Device Speakers (Realtek High Definition Audio)
[2020.07.31-00.09.25:620][  0]LogAudioMixer: Display: Initializing Sound Submixes...
[2020.07.31-00.09.25:621][  0]LogAudioMixer: Display: Creating Master Submix 'MasterSubmixDefault'
[2020.07.31-00.09.25:621][  0]LogAudioMixer: Display: Creating Master Submix 'MasterReverbSubmixDefault'
[2020.07.31-00.09.25:622][  0]LogAudioMixer: Display: Creating Master Submix 'MasterEQSubmixDefault'
[2020.07.31-00.09.25:622][  0]LogInit: FAudioDevice initialized.
[2020.07.31-00.09.25:623][  0]LogNetVersion: Set ProjectVersion to 1.0.0.0. Version Checksum will be recalculated on next use.
[2020.07.31-00.09.25:659][  0]LogDerivedDataCache: Saved boot cache 0.04s 75MB C:/Users/vmelo/AppData/Local/UnrealEngine/4.25/DerivedDataCache/Boot.ddc.
[2020.07.31-00.09.25:659][  0]LogInit: Texture streaming: Enabled
[2020.07.31-00.09.25:670][  0]LogEngineSessionManager: EngineSessionManager initialized
[2020.07.31-00.09.25:670][  0]LogEditorSessionSummary: Verbose: Initializing EditorSessionSummaryWriter for editor session tracking
[2020.07.31-00.09.25:671][  0]LogEditorSessionSummary: EditorSessionSummaryWriter initialized
[2020.07.31-00.09.25:701][  0]LogInit: Transaction tracking system initialized
[2020.07.31-00.09.25:714][  0]BlueprintLog: New page: Editor Load
[2020.07.31-00.09.25:757][  0]LocalizationService: Localization service is disabled
[2020.07.31-00.09.25:850][  0]LogCook: Display: Max memory allowance for cook 16384mb min free memory 0mb
[2020.07.31-00.09.25:850][  0]LogCook: Display: Mobile HDR setting 1
[2020.07.31-00.09.25:931][  0]LogFileCache: Scanning file cache for directory 'C:/Users/vmelo/Desktop/GitHub/SimpleShooter/SimpleShooter/Content/' took 0.02s
[2020.07.31-00.09.26:081][  0]LogUnrealEdMisc: Loading editor; pre map load, took 4.984
[2020.07.31-00.09.26:081][  0]Cmd: MAP LOAD FILE="C:/Users/vmelo/Desktop/GitHub/SimpleShooter/SimpleShooter/Content/SandBox.umap" TEMPLATE=0 SHOWPROGRESS=1 FEATURELEVEL=3
[2020.07.31-00.09.26:082][  0]LightingResults: New page: Lighting Build
[2020.07.31-00.09.26:082][  0]LogWorld: UWorld::CleanupWorld for Untitled, bSessionEnded=true, bCleanupResources=true
[2020.07.31-00.09.26:082][  0]LogSlate: InvalidateAllWidgets triggered.  All widgets were invalidated
[2020.07.31-00.09.26:082][  0]MapCheck: New page: Map Check
[2020.07.31-00.09.26:082][  0]LightingResults: New page: Lighting Build
[2020.07.31-00.09.26:090][  0]LogAISub: UAISubsystem::~UAISubsystem EnvQueryManager (000001AAA51ABC00), frame # 0
[2020.07.31-00.09.26:090][  0]LogAISub: UAISubsystem::~UAISubsystem AIPerceptionSystem (000001AAA51FD940), frame # 0
[2020.07.31-00.09.26:091][  0]LogUObjectHash: Compacting FUObjectHashTables data took   0.45ms
[2020.07.31-00.09.27:665][  0]LogAIModule: Creating AISystem for world SandBox
[2020.07.31-00.09.27:665][  0]LogAISub: UAISubsystem::UAISubsystem EnvQueryManager (000001AACE025E00), frame # 0
[2020.07.31-00.09.27:665][  0]LogAISub: UAISubsystem::UAISubsystem AIPerceptionSystem (000001AACE03E480), frame # 0
[2020.07.31-00.09.27:821][  0]LogEditorServer: Finished looking for orphan Actors (0.000 secs)
[2020.07.31-00.09.27:950][  0]LogUObjectHash: Compacting FUObjectHashTables data took   0.90ms
[2020.07.31-00.09.27:951][  0]Cmd: MAP CHECKDEP NOCLEARLOG
[2020.07.31-00.09.27:951][  0]MapCheck: Map check complete: 0 Error(s), 0 Warning(s), took 0.342ms to complete.
[2020.07.31-00.09.27:951][  0]LogFileHelpers: Loading map 'SandBox' took 1.870
[2020.07.31-00.09.27:953][  0]LogUnrealEdMisc: Total Editor Startup Time, took 6.856
[2020.07.31-00.09.28:048][  0]LogSlate: Updating window title bar state: overlay mode, drag disabled, window buttons hidden, title bar hidden
[2020.07.31-00.09.28:054][  0]LogSlate: Updating window title bar state: overlay mode, drag disabled, window buttons hidden, title bar hidden
[2020.07.31-00.09.28:062][  0]LogSlate: Updating window title bar state: overlay mode, drag disabled, window buttons hidden, title bar hidden
[2020.07.31-00.09.28:068][  0]LogSlate: Updating window title bar state: overlay mode, drag disabled, window buttons hidden, title bar hidden
[2020.07.31-00.09.28:085][  0]LogCollectionManager: Loaded 0 collections in 0.000632 seconds
[2020.07.31-00.09.28:098][  0]LogFileCache: Scanning file cache for directory 'C:/Users/vmelo/Desktop/GitHub/SimpleShooter/SimpleShooter/Saved/Collections/' took 0.00s
[2020.07.31-00.09.28:098][  0]LogFileCache: Scanning file cache for directory 'C:/Users/vmelo/Desktop/GitHub/SimpleShooter/SimpleShooter/Content/Developers/vmelo/Collections/' took 0.00s
[2020.07.31-00.09.28:098][  0]LogFileCache: Scanning file cache for directory 'C:/Users/vmelo/Desktop/GitHub/SimpleShooter/SimpleShooter/Content/Collections/' took 0.00s
[2020.07.31-00.09.28:098][  0]LogContentBrowser: Native class hierarchy populated in 0.0079 seconds. Added 3437 classes and 823 folders.
[2020.07.31-00.09.28:100][  0]LogContentBrowser: Native class hierarchy updated for 'WidgetCarousel' in 0.0003 seconds. Added 0 classes and 0 folders.
[2020.07.31-00.09.28:136][  0]LogContentBrowser: Native class hierarchy updated for 'AddContentDialog' in 0.0004 seconds. Added 0 classes and 0 folders.
[2020.07.31-00.09.28:185][  0]LogContentBrowser: Native class hierarchy updated for 'HierarchicalLODOutliner' in 0.0003 seconds. Added 0 classes and 0 folders.
[2020.07.31-00.09.28:185][  0]LogLoad: (Engine Initialization) Total time: 7.09 seconds
[2020.07.31-00.09.28:185][  0]LogLoad: (Engine Initialization) Total Blueprint compile time: 0.00 seconds
[2020.07.31-00.09.28:244][  0]LogContentStreaming: Texture pool size now 1000 MB
[2020.07.31-00.09.28:255][  0]LogSlate: Took 0.000112 seconds to synchronously load lazily loaded font '../../../Engine/Content/Slate/Fonts/Roboto-Regular.ttf' (155K)
[2020.07.31-00.09.28:258][  0]LogSlate: Took 0.000072 seconds to synchronously load lazily loaded font '../../../Engine/Content/Slate/Fonts/Roboto-Bold.ttf' (160K)
[2020.07.31-00.09.28:259][  0]LogSlate: Took 0.000075 seconds to synchronously load lazily loaded font '../../../Engine/Content/Editor/Slate/Fonts/FontAwesome.ttf' (139K)
[2020.07.31-00.09.28:260][  0]LogSlate: Took 0.000063 seconds to synchronously load lazily loaded font '../../../Engine/Content/Slate/Fonts/DroidSansMono.ttf' (77K)
[2020.07.31-00.09.28:381][  1]LogRenderer: Reallocating scene render targets to support 1820x732 Format 10 NumSamples 1 (Frame:1).
[2020.07.31-00.09.28:626][  1]LogAssetRegistry: Asset discovery search completed in 5.1096 seconds
[2020.07.31-00.09.28:632][  1]LogCollectionManager: Fixed up redirectors for 0 collections in 0.000002 seconds (updated 0 objects)
[2020.07.31-00.09.29:063][  3]LogScript: Warning: Accessed None trying to read property CallFunc_TryGetPawnOwner_ReturnValue
	ABP_ShooterCharacter_C /Engine/Transient.World_3:PersistentLevel.SkeletalMeshActor_0.SkeletalMeshComponent0.ABP_ShooterCharacter_C_0
	Function /Game/ABP_ShooterCharacter.ABP_ShooterCharacter_C:ExecuteUbergraph_ABP_ShooterCharacter:00EC
[2020.07.31-00.09.29:063][  3]LogScript: Warning: Accessed None trying to read property CallFunc_TryGetPawnOwner_ReturnValue
	ABP_ShooterCharacter_C /Engine/Transient.World_3:PersistentLevel.SkeletalMeshActor_0.SkeletalMeshComponent0.ABP_ShooterCharacter_C_0
	Function /Game/ABP_ShooterCharacter.ABP_ShooterCharacter_C:ExecuteUbergraph_ABP_ShooterCharacter:017C
[2020.07.31-00.09.29:063][  3]LogScript: Warning: Accessed None trying to read property CallFunc_TryGetPawnOwner_ReturnValue
	ABP_ShooterCharacter_C /Engine/Transient.World_3:PersistentLevel.SkeletalMeshActor_0.SkeletalMeshComponent0.ABP_ShooterCharacter_C_0
	Function /Game/ABP_ShooterCharacter.ABP_ShooterCharacter_C:ExecuteUbergraph_ABP_ShooterCharacter:01AE
[2020.07.31-00.27.32:688][311]LogTemp: Repeating last play command: Selected Viewport
[2020.07.31-00.27.32:697][311]LogPlayLevel: PlayLevel: No blueprints needed recompiling
[2020.07.31-00.27.32:697][311]PIE: New page: PIE session: SandBox (Jul 30, 2020, 10:27:32 AM)
[2020.07.31-00.27.32:698][311]LogOnline: OSS: Creating online subsystem instance for: NULL
[2020.07.31-00.27.32:699][311]LogOnline: OSS: TryLoadSubsystemAndSetDefault: Loaded subsystem for module [NULL]
[2020.07.31-00.27.32:700][311]LogPlayLevel: Creating play world package: /Game/UEDPIE_0_SandBox
[2020.07.31-00.27.32:870][311]LogPlayLevel: PIE: StaticDuplicateObject took: (0.169827s)
[2020.07.31-00.27.32:871][311]LogAIModule: Creating AISystem for world SandBox
[2020.07.31-00.27.32:871][311]LogAISub: UAISubsystem::UAISubsystem EnvQueryManager (000001AB5D909A00), frame # 3311
[2020.07.31-00.27.32:871][311]LogAISub: UAISubsystem::UAISubsystem AIPerceptionSystem (000001AACDF99D00), frame # 3311
[2020.07.31-00.27.32:871][311]LogPlayLevel: PIE: World Init took: (0.001334s)
[2020.07.31-00.27.32:871][311]LogPlayLevel: PIE: Created PIE world by copying editor world from /Game/SandBox.SandBox to /Game/UEDPIE_0_SandBox.SandBox (0.171536s)
[2020.07.31-00.27.32:883][311]LogUObjectHash: Compacting FUObjectHashTables data took   0.78ms
[2020.07.31-00.27.32:887][311]LogAudioMixer: Display: Audio Mixer Platform Settings:
[2020.07.31-00.27.32:887][311]LogAudioMixer: Display: 	Sample Rate:						  48000
[2020.07.31-00.27.32:887][311]LogAudioMixer: Display: 	Callback Buffer Frame Size Requested: 1024
[2020.07.31-00.27.32:887][311]LogAudioMixer: Display: 	Callback Buffer Frame Size To Use:	  1024
[2020.07.31-00.27.32:887][311]LogAudioMixer: Display: 	Number of buffers to queue:			  2
[2020.07.31-00.27.32:887][311]LogAudioMixer: Display: 	Max Channels (voices):				  32
[2020.07.31-00.27.32:887][311]LogAudioMixer: Display: 	Number of Async Source Workers:		  0
[2020.07.31-00.27.32:887][311]LogAudio: Display: AudioDevice MaxSources: 32
[2020.07.31-00.27.32:888][311]LogAudio: Display: Using built-in audio occlusion.
[2020.07.31-00.27.32:888][311]LogAudioMixer: Display: Initializing audio mixer.
[2020.07.31-00.27.32:898][311]LogAudioMixer: Display: 0: FrontLeft
[2020.07.31-00.27.32:898][311]LogAudioMixer: Display: 1: FrontRight
[2020.07.31-00.27.32:968][311]LogAudioMixer: Display: Using Audio Device Speakers (Realtek High Definition Audio)
[2020.07.31-00.27.32:968][311]LogAudioMixer: Display: Initializing Sound Submixes...
[2020.07.31-00.27.32:968][311]LogAudioMixer: Display: Creating Master Submix 'MasterSubmixDefault'
[2020.07.31-00.27.32:968][311]LogAudioMixer: Display: Creating Master Submix 'MasterReverbSubmixDefault'
[2020.07.31-00.27.32:968][311]LogAudioMixer: Display: Creating Master Submix 'MasterEQSubmixDefault'
[2020.07.31-00.27.32:978][311]LogInit: FAudioDevice initialized.
[2020.07.31-00.27.32:995][311]LogLoad: Game class is 'BP_KillEmAllGmaeMode_C'
[2020.07.31-00.27.33:040][311]LogWorld: Bringing World /Game/UEDPIE_0_SandBox.SandBox up for play (max tick rate 0) at 2020.07.30-17.27.33
[2020.07.31-00.27.33:049][311]LogWorld: Bringing up level for play took: 0.053036
[2020.07.31-00.27.33:049][311]LogOnline: OSS: Creating online subsystem instance for: :Context_5
[2020.07.31-00.27.33:052][311]LogContentBrowser: Native class hierarchy updated for 'MovieSceneCapture' in 0.0004 seconds. Added 20 classes and 0 folders.
[2020.07.31-00.27.33:054][311]PIE: Server logged in
[2020.07.31-00.27.33:055][311]PIE: Play in editor total start time 0.358 seconds.
[2020.07.31-00.27.36:970][747]LogTemp: Warning: Health left 80.000000
[2020.07.31-00.27.37:088][761]LogTemp: Warning: Health left 80.000000
[2020.07.31-00.27.37:597][822]LogTemp: Warning: Health left 60.000000
[2020.07.31-00.27.37:979][868]LogTemp: Warning: Health left 60.000000
[2020.07.31-00.27.38:310][903]LogSlate: Updating window title bar state: overlay mode, drag disabled, window buttons hidden, title bar hidden
[2020.07.31-00.27.38:310][903]LogWorld: BeginTearingDown for /Game/UEDPIE_0_SandBox
[2020.07.31-00.27.38:311][903]LogWorld: UWorld::CleanupWorld for SandBox, bSessionEnded=true, bCleanupResources=true
[2020.07.31-00.27.38:319][903]LogSlate: InvalidateAllWidgets triggered.  All widgets were invalidated
[2020.07.31-00.27.38:328][903]LogPlayLevel: Display: Shutting down PIE online subsystems
[2020.07.31-00.27.38:330][903]LogSlate: InvalidateAllWidgets triggered.  All widgets were invalidated
[2020.07.31-00.27.38:359][903]LogSlate: Updating window title bar state: overlay mode, drag disabled, window buttons hidden, title bar hidden
[2020.07.31-00.27.38:376][903]LogAISub: UAISubsystem::~UAISubsystem EnvQueryManager (000001AB5D909A00), frame # 3903
[2020.07.31-00.27.38:376][903]LogAISub: UAISubsystem::~UAISubsystem AIPerceptionSystem (000001AACDF99D00), frame # 3903
[2020.07.31-00.27.38:378][903]LogUObjectHash: Compacting FUObjectHashTables data took   0.88ms
[2020.07.31-00.27.38:409][904]LogPlayLevel: Display: Destroying online subsystem :Context_5
[2020.07.31-00.27.48:643][121]LogSlate: Took 0.000089 seconds to synchronously load lazily loaded font '../../../Engine/Content/Slate/Fonts/Roboto-Light.ttf' (167K)
[2020.07.31-00.27.48:653][121]LogAssetEditorSubsystem: Opening Asset editor for Blueprint /Game/BP_ShooterPlayerController.BP_ShooterPlayerController
[2020.07.31-00.27.48:775][121]LogContentBrowser: Native class hierarchy updated for 'BlueprintGraph' in 0.0005 seconds. Added 125 classes and 0 folders.
[2020.07.31-00.27.50:736][272]LogSlate: Window 'BP_ShooterPlayerController' being destroyed
[2020.07.31-00.27.50:780][272]LogWorld: UWorld::CleanupWorld for World_4, bSessionEnded=true, bCleanupResources=true
[2020.07.31-00.27.50:780][272]LogSlate: InvalidateAllWidgets triggered.  All widgets were invalidated
[2020.07.31-00.27.50:817][272]LogAssetEditorSubsystem: Opening Asset editor for Blueprint /Game/BP_ShooterPlayerController.BP_ShooterPlayerController
[2020.07.31-00.27.51:072][272]LogSlate: Took 0.000096 seconds to synchronously load lazily loaded font '../../../Engine/Content/Slate/Fonts/Roboto-BoldCondensed.ttf' (158K)
[2020.07.31-00.27.54:712][661]LogAssetEditorSubsystem: Opening Asset editor for WidgetBlueprint /Game/UI/WBP_HUD.WBP_HUD
[2020.07.31-00.28.05:485][811]BlueprintLog: New page: Compile WBP_HUD
[2020.07.31-00.28.05:526][811]LogUObjectHash: Compacting FUObjectHashTables data took   2.77ms
[2020.07.31-00.28.06:085][859]Cmd: OBJ SAVEPACKAGE PACKAGE="/Game/UI/WBP_HUD" FILE="C:/Users/vmelo/Desktop/GitHub/SimpleShooter/SimpleShooter/Content/UI/WBP_HUD.uasset" SILENT=true
[2020.07.31-00.28.06:091][859]LogSavePackage: Moving 'C:/Users/vmelo/Desktop/GitHub/SimpleShooter/SimpleShooter/Saved/WBP_HUD9742657F4F916344E395F58D9E628453.tmp' to 'C:/Users/vmelo/Desktop/GitHub/SimpleShooter/SimpleShooter/Content/UI/WBP_HUD.uasset'
[2020.07.31-00.28.06:109][859]AssetCheck: New page: Asset Save: WBP_HUD
[2020.07.31-00.28.06:109][859]LogContentValidation: Display: Validating WidgetBlueprint /Game/UI/WBP_HUD.WBP_HUD
[2020.07.31-00.28.06:850][938]LogSlate: Window 'WBP_HUD' being destroyed
[2020.07.31-00.28.06:857][938]LogSlate: Window 'WBP_HUD' being destroyed
[2020.07.31-00.28.06:899][938]LogWorld: UWorld::CleanupWorld for World_5, bSessionEnded=true, bCleanupResources=true
[2020.07.31-00.28.06:899][938]LogSlate: InvalidateAllWidgets triggered.  All widgets were invalidated
[2020.07.31-00.28.06:935][938]LogWorld: UWorld::CleanupWorld for World_7, bSessionEnded=true, bCleanupResources=true
[2020.07.31-00.28.06:935][938]LogSlate: InvalidateAllWidgets triggered.  All widgets were invalidated
[2020.07.31-00.28.06:938][938]LogWorld: UWorld::CleanupWorld for World_6, bSessionEnded=true, bCleanupResources=true
[2020.07.31-00.28.06:938][938]LogSlate: InvalidateAllWidgets triggered.  All widgets were invalidated
[2020.07.31-00.28.07:851][ 38]LogTemp: Repeating last play command: Selected Viewport
[2020.07.31-00.28.07:859][ 38]LogPlayLevel: PlayLevel: No blueprints needed recompiling
[2020.07.31-00.28.07:859][ 38]PIE: New page: PIE session: SandBox (Jul 30, 2020, 10:28:07 AM)
[2020.07.31-00.28.07:889][ 38]LogPlayLevel: Creating play world package: /Game/UEDPIE_0_SandBox
[2020.07.31-00.28.08:037][ 38]LogPlayLevel: PIE: StaticDuplicateObject took: (0.148374s)
[2020.07.31-00.28.08:038][ 38]LogAIModule: Creating AISystem for world SandBox
[2020.07.31-00.28.08:038][ 38]LogAISub: UAISubsystem::UAISubsystem EnvQueryManager (000001AB8120BE00), frame # 6038
[2020.07.31-00.28.08:038][ 38]LogAISub: UAISubsystem::UAISubsystem AIPerceptionSystem (000001AB6F89B240), frame # 6038
[2020.07.31-00.28.08:038][ 38]LogPlayLevel: PIE: World Init took: (0.001016s)
[2020.07.31-00.28.08:038][ 38]LogPlayLevel: PIE: Created PIE world by copying editor world from /Game/SandBox.SandBox to /Game/UEDPIE_0_SandBox.SandBox (0.149696s)
[2020.07.31-00.28.08:078][ 38]LogUObjectHash: Compacting FUObjectHashTables data took   2.42ms
[2020.07.31-00.28.08:079][ 38]LogAudioMixer: Display: Audio Mixer Platform Settings:
[2020.07.31-00.28.08:079][ 38]LogAudioMixer: Display: 	Sample Rate:						  48000
[2020.07.31-00.28.08:080][ 38]LogAudioMixer: Display: 	Callback Buffer Frame Size Requested: 1024
[2020.07.31-00.28.08:080][ 38]LogAudioMixer: Display: 	Callback Buffer Frame Size To Use:	  1024
[2020.07.31-00.28.08:080][ 38]LogAudioMixer: Display: 	Number of buffers to queue:			  2
[2020.07.31-00.28.08:080][ 38]LogAudioMixer: Display: 	Max Channels (voices):				  32
[2020.07.31-00.28.08:080][ 38]LogAudioMixer: Display: 	Number of Async Source Workers:		  0
[2020.07.31-00.28.08:080][ 38]LogAudio: Display: AudioDevice MaxSources: 32
[2020.07.31-00.28.08:080][ 38]LogAudio: Display: Using built-in audio occlusion.
[2020.07.31-00.28.08:080][ 38]LogAudioMixer: Display: Initializing audio mixer.
[2020.07.31-00.28.08:090][ 38]LogAudioMixer: Display: 0: FrontLeft
[2020.07.31-00.28.08:090][ 38]LogAudioMixer: Display: 1: FrontRight
[2020.07.31-00.28.08:164][ 38]LogAudioMixer: Display: Using Audio Device Speakers (Realtek High Definition Audio)
[2020.07.31-00.28.08:164][ 38]LogAudioMixer: Display: Initializing Sound Submixes...
[2020.07.31-00.28.08:164][ 38]LogAudioMixer: Display: Creating Master Submix 'MasterSubmixDefault'
[2020.07.31-00.28.08:164][ 38]LogAudioMixer: Display: Creating Master Submix 'MasterReverbSubmixDefault'
[2020.07.31-00.28.08:164][ 38]LogAudioMixer: Display: Creating Master Submix 'MasterEQSubmixDefault'
[2020.07.31-00.28.08:172][ 38]LogInit: FAudioDevice initialized.
[2020.07.31-00.28.08:182][ 38]LogLoad: Game class is 'BP_KillEmAllGmaeMode_C'
[2020.07.31-00.28.08:225][ 38]LogWorld: Bringing World /Game/UEDPIE_0_SandBox.SandBox up for play (max tick rate 0) at 2020.07.30-17.28.08
[2020.07.31-00.28.08:233][ 38]LogWorld: Bringing up level for play took: 0.050252
[2020.07.31-00.28.08:233][ 38]LogOnline: OSS: Creating online subsystem instance for: :Context_10
[2020.07.31-00.28.08:237][ 38]PIE: Server logged in
[2020.07.31-00.28.08:237][ 38]PIE: Play in editor total start time 0.379 seconds.
[2020.07.31-00.28.12:420][506]LogSlate: Updating window title bar state: overlay mode, drag disabled, window buttons hidden, title bar hidden
[2020.07.31-00.28.12:420][506]LogWorld: BeginTearingDown for /Game/UEDPIE_0_SandBox
[2020.07.31-00.28.12:421][506]LogWorld: UWorld::CleanupWorld for SandBox, bSessionEnded=true, bCleanupResources=true
[2020.07.31-00.28.12:429][506]LogSlate: InvalidateAllWidgets triggered.  All widgets were invalidated
[2020.07.31-00.28.12:437][506]LogPlayLevel: Display: Shutting down PIE online subsystems
[2020.07.31-00.28.12:442][506]LogSlate: InvalidateAllWidgets triggered.  All widgets were invalidated
[2020.07.31-00.28.12:477][506]LogSlate: Updating window title bar state: overlay mode, drag disabled, window buttons hidden, title bar hidden
[2020.07.31-00.28.12:500][506]LogAISub: UAISubsystem::~UAISubsystem AIPerceptionSystem (000001AB6F89B240), frame # 6506
[2020.07.31-00.28.12:500][506]LogAISub: UAISubsystem::~UAISubsystem EnvQueryManager (000001AB8120BE00), frame # 6506
[2020.07.31-00.28.12:514][506]LogUObjectHash: Compacting FUObjectHashTables data took   2.54ms
[2020.07.31-00.28.12:548][507]LogPlayLevel: Display: Destroying online subsystem :Context_10
[2020.07.31-00.29.30:774][772]Candidate modules for hot reload:
[2020.07.31-00.29.30:774][772]  SimpleShooter
[2020.07.31-00.29.30:775][772]Launching UnrealBuildTool... [H:/UE_4.25/Engine/Binaries/DotNET/UnrealBuildTool.exe  -ModuleWithSuffix=SimpleShooter,7661 SimpleShooterEditor Win64 Development -Project="C:/Users/vmelo/Desktop/GitHub/SimpleShooter/SimpleShooter/SimpleShooter.uproject" "C:/Users/vmelo/Desktop/GitHub/SimpleShooter/SimpleShooter/SimpleShooter.uproject"  -IgnoreJunk]
[2020.07.31-00.29.30:781][772]Warning: Starting HotReload took  0.0s.
[2020.07.31-00.29.38:424][439]CompilerResultsLog: New page: Compilation - Jul 30, 2020, 10:29:38 AM
[2020.07.31-00.29.38:424][439]CompilerResultsLog: Using 'git status' to determine working set for adaptive non-unity build (C:\Users\vmelo\Desktop\GitHub\SimpleShooter\SimpleShooter).
[2020.07.31-00.29.38:424][439]CompilerResultsLog: Parsing headers for SimpleShooterEditor
[2020.07.31-00.29.38:424][439]CompilerResultsLog:   Running UnrealHeaderTool "C:\Users\vmelo\Desktop\GitHub\SimpleShooter\SimpleShooter\SimpleShooter.uproject" "C:\Users\vmelo\Desktop\GitHub\SimpleShooter\SimpleShooter\Intermediate\Build\Win64\SimpleShooterEditor\Development\SimpleShooterEditor.uhtmanifest" -LogCmds="loginit warning, logexit warning, logdatabase error" -Unattended -WarningsAsErrors -abslog="C:\Users\vmelo\AppData\Local\UnrealBuildTool\Log_UHT.txt" -installed
[2020.07.31-00.29.38:424][439]CompilerResultsLog: Reflection code generated for SimpleShooterEditor in 4.9095651 seconds
[2020.07.31-00.29.38:424][439]CompilerResultsLog: Building SimpleShooterEditor...
[2020.07.31-00.29.38:424][439]CompilerResultsLog: Using Visual Studio 2019 14.26.28806 toolchain (C:\Program Files (x86)\Microsoft Visual Studio\2019\Community\VC\Tools\MSVC\14.26.28801) and Windows 10.0.18362.0 SDK (C:\Program Files (x86)\Windows Kits\10).
[2020.07.31-00.29.38:424][439]CompilerResultsLog: Building 5 actions with 12 processes...
[2020.07.31-00.29.38:424][439]CompilerResultsLog:   [1/5] ShooterPlayerController.gen.cpp
[2020.07.31-00.29.38:424][439]CompilerResultsLog:   [2/5] ShooterPlayerController.cpp
[2020.07.31-00.29.38:424][439]CompilerResultsLog:    C:\Users\vmelo\Desktop\GitHub\SimpleShooter\SimpleShooter\Source\SimpleShooter\ShooterPlayerController.cpp(16) : error C2059: syntax error: 'if'
[2020.07.31-00.29.38:424][439]CompilerResultsLog:    C:\Users\vmelo\Desktop\GitHub\SimpleShooter\SimpleShooter\Source\SimpleShooter\ShooterPlayerController.cpp(16) : error C2143: syntax error: missing ';' before '{'
[2020.07.31-00.29.38:424][439]CompilerResultsLog:    C:\Users\vmelo\Desktop\GitHub\SimpleShooter\SimpleShooter\Source\SimpleShooter\ShooterPlayerController.cpp(16) : error C2447: '{': missing function header (old-style formal list?)
[2020.07.31-00.29.38:424][439]CompilerResultsLog:    C:\Users\vmelo\Desktop\GitHub\SimpleShooter\SimpleShooter\Source\SimpleShooter\ShooterPlayerController.cpp(22) : error C2059: syntax error: 'else'
[2020.07.31-00.29.38:424][439]CompilerResultsLog:    C:\Users\vmelo\Desktop\GitHub\SimpleShooter\SimpleShooter\Source\SimpleShooter\ShooterPlayerController.cpp(22) : error C2143: syntax error: missing ';' before '{'
[2020.07.31-00.29.38:424][439]CompilerResultsLog:    C:\Users\vmelo\Desktop\GitHub\SimpleShooter\SimpleShooter\Source\SimpleShooter\ShooterPlayerController.cpp(22) : error C2447: '{': missing function header (old-style formal list?)
[2020.07.31-00.29.38:425][439]CompilerResultsLog:    C:\Users\vmelo\Desktop\GitHub\SimpleShooter\SimpleShooter\Source\SimpleShooter\ShooterPlayerController.cpp(29) : error C3484: syntax error: expected '->' before the return type
[2020.07.31-00.29.38:425][439]CompilerResultsLog:    C:\Users\vmelo\Desktop\GitHub\SimpleShooter\SimpleShooter\Source\SimpleShooter\ShooterPlayerController.cpp(29) : error C3613: missing return type after '->' ('int' assumed)
[2020.07.31-00.29.38:425][439]CompilerResultsLog:    C:\Users\vmelo\Desktop\GitHub\SimpleShooter\SimpleShooter\Source\SimpleShooter\ShooterPlayerController.cpp(29) : error C3646: 'SetTimer': unknown override specifier
[2020.07.31-00.29.38:425][439]CompilerResultsLog:    C:\Users\vmelo\Desktop\GitHub\SimpleShooter\SimpleShooter\Source\SimpleShooter\ShooterPlayerController.cpp(29) : error C3551: if a trailing return type is used then the leading return type shall be the single type-specifier 'auto' (not 'int')
[2020.07.31-00.29.38:425][439]CompilerResultsLog:    C:\Users\vmelo\Desktop\GitHub\SimpleShooter\SimpleShooter\Source\SimpleShooter\ShooterPlayerController.cpp(29) : error C4430: missing type specifier - int assumed. Note: C++ does not support default-int
[2020.07.31-00.29.38:425][439]CompilerResultsLog:    C:\Users\vmelo\Desktop\GitHub\SimpleShooter\SimpleShooter\Source\SimpleShooter\ShooterPlayerController.cpp(29) : error C2059: syntax error: '('
[2020.07.31-00.29.38:425][439]CompilerResultsLog:    C:\Users\vmelo\Desktop\GitHub\SimpleShooter\SimpleShooter\Source\SimpleShooter\ShooterPlayerController.cpp(29) : error C2143: syntax error: missing ')' before ','
[2020.07.31-00.29.38:425][439]CompilerResultsLog:    C:\Users\vmelo\Desktop\GitHub\SimpleShooter\SimpleShooter\Source\SimpleShooter\ShooterPlayerController.cpp(29) : error C4430: missing type specifier - int assumed. Note: C++ does not support default-int
[2020.07.31-00.29.38:425][439]CompilerResultsLog:    C:\Users\vmelo\Desktop\GitHub\SimpleShooter\SimpleShooter\Source\SimpleShooter\ShooterPlayerController.cpp(29) : error C2059: syntax error: 'this'
[2020.07.31-00.29.38:425][439]CompilerResultsLog:    C:\Users\vmelo\Desktop\GitHub\SimpleShooter\SimpleShooter\Source\SimpleShooter\ShooterPlayerController.cpp(29) : error C2059: syntax error: ')'
[2020.07.31-00.29.38:425][439]CompilerResultsLog:    C:\Users\vmelo\Desktop\GitHub\SimpleShooter\SimpleShooter\Source\SimpleShooter\ShooterPlayerController.cpp(31) : error C2059: syntax error: '}'
[2020.07.31-00.29.38:425][439]CompilerResultsLog:    C:\Users\vmelo\Desktop\GitHub\SimpleShooter\SimpleShooter\Source\SimpleShooter\ShooterPlayerController.cpp(31) : error C2143: syntax error: missing ';' before '}'
[2020.07.31-00.29.38:425][439]CompilerResultsLog:    C:\Users\vmelo\Desktop\GitHub\SimpleShooter\SimpleShooter\Source\SimpleShooter\ShooterPlayerController.cpp(34) : error C2143: syntax error: missing ';' before '{'
[2020.07.31-00.29.38:425][439]CompilerResultsLog:    C:\Users\vmelo\Desktop\GitHub\SimpleShooter\SimpleShooter\Source\SimpleShooter\ShooterPlayerController.cpp(34) : error C2447: '{': missing function header (old-style formal list?)
[2020.07.31-00.29.38:425][439]CompilerResultsLog:   C:\Users\vmelo\Desktop\GitHub\SimpleShooter\SimpleShooter\Source\SimpleShooter\ShooterPlayerController.cpp(40): fatal error C1004: unexpected end-of-file found
[2020.07.31-00.29.38:425][439]LogMainFrame: MainFrame: Module compiling took 7.656 seconds
[2020.07.31-00.29.38:425][439]Warning: HotReload failed, recompile failed
[2020.07.31-00.29.49:003][729]LogSlate: Window 'Message Log' being destroyed
[2020.07.31-00.29.49:007][729]LogSlate: Window 'Message Log' being destroyed
[2020.07.31-00.29.49:798][812]Candidate modules for hot reload:
[2020.07.31-00.29.49:798][812]  SimpleShooter
[2020.07.31-00.29.49:798][812]Launching UnrealBuildTool... [H:/UE_4.25/Engine/Binaries/DotNET/UnrealBuildTool.exe  -ModuleWithSuffix=SimpleShooter,60 SimpleShooterEditor Win64 Development -Project="C:/Users/vmelo/Desktop/GitHub/SimpleShooter/SimpleShooter/SimpleShooter.uproject" "C:/Users/vmelo/Desktop/GitHub/SimpleShooter/SimpleShooter/SimpleShooter.uproject"  -IgnoreJunk]
[2020.07.31-00.29.49:803][812]Warning: Starting HotReload took  0.0s.
[2020.07.31-00.29.54:499][183]CompilerResultsLog: New page: Compilation - Jul 30, 2020, 10:29:54 AM
[2020.07.31-00.29.54:499][183]CompilerResultsLog: Using 'git status' to determine working set for adaptive non-unity build (C:\Users\vmelo\Desktop\GitHub\SimpleShooter\SimpleShooter).
[2020.07.31-00.29.54:499][183]CompilerResultsLog: Building SimpleShooterEditor...
[2020.07.31-00.29.54:499][183]CompilerResultsLog: Using Visual Studio 2019 14.26.28806 toolchain (C:\Program Files (x86)\Microsoft Visual Studio\2019\Community\VC\Tools\MSVC\14.26.28801) and Windows 10.0.18362.0 SDK (C:\Program Files (x86)\Windows Kits\10).
[2020.07.31-00.29.54:499][183]CompilerResultsLog: Building 4 actions with 12 processes...
[2020.07.31-00.29.54:499][183]CompilerResultsLog:   [1/4] ShooterPlayerController.cpp
[2020.07.31-00.29.54:500][183]CompilerResultsLog:   [2/4] UE4Editor-SimpleShooter-0060.lib
[2020.07.31-00.29.54:500][183]CompilerResultsLog:      Creating library C:\Users\vmelo\Desktop\GitHub\SimpleShooter\SimpleShooter\Intermediate\Build\Win64\UE4Editor\Development\SimpleShooter\UE4Editor-SimpleShooter-0060.lib and object C:\Users\vmelo\Desktop\GitHub\SimpleShooter\SimpleShooter\Intermediate\Build\Win64\UE4Editor\Development\SimpleShooter\UE4Editor-SimpleShooter-0060.exp
[2020.07.31-00.29.54:500][183]CompilerResultsLog:   [3/4] UE4Editor-SimpleShooter-0060.dll
[2020.07.31-00.29.54:500][183]CompilerResultsLog:      Creating library C:\Users\vmelo\Desktop\GitHub\SimpleShooter\SimpleShooter\Intermediate\Build\Win64\UE4Editor\Development\SimpleShooter\UE4Editor-SimpleShooter-0060.suppressed.lib and object C:\Users\vmelo\Desktop\GitHub\SimpleShooter\SimpleShooter\Intermediate\Build\Win64\UE4Editor\Development\SimpleShooter\UE4Editor-SimpleShooter-0060.suppressed.exp
[2020.07.31-00.29.54:500][183]CompilerResultsLog:   [4/4] SimpleShooterEditor.target
[2020.07.31-00.29.54:500][183]CompilerResultsLog: Total time in Parallel executor: 4.08 seconds
[2020.07.31-00.29.54:500][183]CompilerResultsLog: Total execution time: 4.62 seconds
[2020.07.31-00.29.54:500][183]LogMainFrame: MainFrame: Module compiling took 4.715 seconds
[2020.07.31-00.29.54:508][183]LogContentBrowser: Native class hierarchy populated in 0.0077 seconds. Added 3437 classes and 823 folders.
[2020.07.31-00.29.54:516][183]Display: HotReload took  4.7s.
[2020.07.31-00.29.55:248][227]LogTemp: Repeating last play command: Selected Viewport
[2020.07.31-00.29.55:259][227]LogPlayLevel: PlayLevel: No blueprints needed recompiling
[2020.07.31-00.29.55:259][227]PIE: New page: PIE session: SandBox (Jul 30, 2020, 10:29:55 AM)
[2020.07.31-00.29.55:279][227]LogPlayLevel: Creating play world package: /Game/UEDPIE_0_SandBox
[2020.07.31-00.29.55:443][227]LogPlayLevel: PIE: StaticDuplicateObject took: (0.163877s)
[2020.07.31-00.29.55:444][227]LogAIModule: Creating AISystem for world SandBox
[2020.07.31-00.29.55:444][227]LogAISub: UAISubsystem::UAISubsystem EnvQueryManager (000001AB6FC58800), frame # 8227
[2020.07.31-00.29.55:444][227]LogAISub: UAISubsystem::UAISubsystem AIPerceptionSystem (000001AB6FC65BC0), frame # 8227
[2020.07.31-00.29.55:444][227]LogPlayLevel: PIE: World Init took: (0.001027s)
[2020.07.31-00.29.55:444][227]LogPlayLevel: PIE: Created PIE world by copying editor world from /Game/SandBox.SandBox to /Game/UEDPIE_0_SandBox.SandBox (0.165225s)
[2020.07.31-00.29.55:497][227]LogUObjectHash: Compacting FUObjectHashTables data took   2.10ms
[2020.07.31-00.29.55:499][227]LogAudioMixer: Display: Audio Mixer Platform Settings:
[2020.07.31-00.29.55:499][227]LogAudioMixer: Display: 	Sample Rate:						  48000
[2020.07.31-00.29.55:499][227]LogAudioMixer: Display: 	Callback Buffer Frame Size Requested: 1024
[2020.07.31-00.29.55:499][227]LogAudioMixer: Display: 	Callback Buffer Frame Size To Use:	  1024
[2020.07.31-00.29.55:499][227]LogAudioMixer: Display: 	Number of buffers to queue:			  2
[2020.07.31-00.29.55:499][227]LogAudioMixer: Display: 	Max Channels (voices):				  32
[2020.07.31-00.29.55:499][227]LogAudioMixer: Display: 	Number of Async Source Workers:		  0
[2020.07.31-00.29.55:499][227]LogAudio: Display: AudioDevice MaxSources: 32
[2020.07.31-00.29.55:500][227]LogAudio: Display: Using built-in audio occlusion.
[2020.07.31-00.29.55:500][227]LogAudioMixer: Display: Initializing audio mixer.
[2020.07.31-00.29.55:509][227]LogAudioMixer: Display: 0: FrontLeft
[2020.07.31-00.29.55:509][227]LogAudioMixer: Display: 1: FrontRight
[2020.07.31-00.29.55:583][227]LogAudioMixer: Display: Using Audio Device Speakers (Realtek High Definition Audio)
[2020.07.31-00.29.55:583][227]LogAudioMixer: Display: Initializing Sound Submixes...
[2020.07.31-00.29.55:583][227]LogAudioMixer: Display: Creating Master Submix 'MasterSubmixDefault'
[2020.07.31-00.29.55:583][227]LogAudioMixer: Display: Creating Master Submix 'MasterReverbSubmixDefault'
[2020.07.31-00.29.55:583][227]LogAudioMixer: Display: Creating Master Submix 'MasterEQSubmixDefault'
[2020.07.31-00.29.55:592][227]LogInit: FAudioDevice initialized.
[2020.07.31-00.29.55:599][227]LogLoad: Game class is 'BP_KillEmAllGmaeMode_C'
[2020.07.31-00.29.55:645][227]LogWorld: Bringing World /Game/UEDPIE_0_SandBox.SandBox up for play (max tick rate 0) at 2020.07.30-17.29.55
[2020.07.31-00.29.55:653][227]LogWorld: Bringing up level for play took: 0.053375
[2020.07.31-00.29.55:653][227]LogOnline: OSS: Creating online subsystem instance for: :Context_11
[2020.07.31-00.29.55:657][227]PIE: Server logged in
[2020.07.31-00.29.55:657][227]PIE: Play in editor total start time 0.402 seconds.
[2020.07.31-00.29.57:660][399]LogSlate: Updating window title bar state: overlay mode, drag disabled, window buttons hidden, title bar hidden
[2020.07.31-00.29.57:660][399]LogWorld: BeginTearingDown for /Game/UEDPIE_0_SandBox
[2020.07.31-00.29.57:661][399]LogWorld: UWorld::CleanupWorld for SandBox, bSessionEnded=true, bCleanupResources=true
[2020.07.31-00.29.57:669][399]LogSlate: InvalidateAllWidgets triggered.  All widgets were invalidated
[2020.07.31-00.29.57:674][399]LogPlayLevel: Display: Shutting down PIE online subsystems
[2020.07.31-00.29.57:679][399]LogSlate: InvalidateAllWidgets triggered.  All widgets were invalidated
[2020.07.31-00.29.57:704][399]LogSlate: Updating window title bar state: overlay mode, drag disabled, window buttons hidden, title bar hidden
[2020.07.31-00.29.57:730][399]LogAISub: UAISubsystem::~UAISubsystem AIPerceptionSystem (000001AB6FC65BC0), frame # 8399
[2020.07.31-00.29.57:730][399]LogAISub: UAISubsystem::~UAISubsystem EnvQueryManager (000001AB6FC58800), frame # 8399
[2020.07.31-00.29.57:745][399]LogUObjectHash: Compacting FUObjectHashTables data took   1.61ms
[2020.07.31-00.29.57:784][400]LogPlayLevel: Display: Destroying online subsystem :Context_11
[2020.07.31-00.30.15:472][490]Candidate modules for hot reload:
[2020.07.31-00.30.15:472][490]  SimpleShooter
[2020.07.31-00.30.15:472][490]Launching UnrealBuildTool... [H:/UE_4.25/Engine/Binaries/DotNET/UnrealBuildTool.exe  -ModuleWithSuffix=SimpleShooter,8238 SimpleShooterEditor Win64 Development -Project="C:/Users/vmelo/Desktop/GitHub/SimpleShooter/SimpleShooter/SimpleShooter.uproject" "C:/Users/vmelo/Desktop/GitHub/SimpleShooter/SimpleShooter/SimpleShooter.uproject"  -IgnoreJunk]
[2020.07.31-00.30.15:478][490]Warning: Starting HotReload took  0.0s.
[2020.07.31-00.30.20:569][765]CompilerResultsLog: New page: Compilation - Jul 30, 2020, 10:30:20 AM
[2020.07.31-00.30.20:569][765]CompilerResultsLog: Using 'git status' to determine working set for adaptive non-unity build (C:\Users\vmelo\Desktop\GitHub\SimpleShooter\SimpleShooter).
[2020.07.31-00.30.20:569][765]CompilerResultsLog: Building SimpleShooterEditor...
[2020.07.31-00.30.20:569][765]CompilerResultsLog: Using Visual Studio 2019 14.26.28806 toolchain (C:\Program Files (x86)\Microsoft Visual Studio\2019\Community\VC\Tools\MSVC\14.26.28801) and Windows 10.0.18362.0 SDK (C:\Program Files (x86)\Windows Kits\10).
[2020.07.31-00.30.20:569][765]CompilerResultsLog: Building 4 actions with 12 processes...
[2020.07.31-00.30.20:569][765]CompilerResultsLog:   [1/4] ShooterPlayerController.cpp
[2020.07.31-00.30.20:569][765]CompilerResultsLog:   [2/4] UE4Editor-SimpleShooter-8238.lib
[2020.07.31-00.30.20:569][765]CompilerResultsLog:      Creating library C:\Users\vmelo\Desktop\GitHub\SimpleShooter\SimpleShooter\Intermediate\Build\Win64\UE4Editor\Development\SimpleShooter\UE4Editor-SimpleShooter-8238.lib and object C:\Users\vmelo\Desktop\GitHub\SimpleShooter\SimpleShooter\Intermediate\Build\Win64\UE4Editor\Development\SimpleShooter\UE4Editor-SimpleShooter-8238.exp
[2020.07.31-00.30.20:569][765]CompilerResultsLog:   [3/4] UE4Editor-SimpleShooter-8238.dll
[2020.07.31-00.30.20:569][765]CompilerResultsLog:      Creating library C:\Users\vmelo\Desktop\GitHub\SimpleShooter\SimpleShooter\Intermediate\Build\Win64\UE4Editor\Development\SimpleShooter\UE4Editor-SimpleShooter-8238.suppressed.lib and object C:\Users\vmelo\Desktop\GitHub\SimpleShooter\SimpleShooter\Intermediate\Build\Win64\UE4Editor\Development\SimpleShooter\UE4Editor-SimpleShooter-8238.suppressed.exp
[2020.07.31-00.30.20:569][765]CompilerResultsLog:   [4/4] SimpleShooterEditor.target
[2020.07.31-00.30.20:569][765]CompilerResultsLog: Total time in Parallel executor: 4.18 seconds
[2020.07.31-00.30.20:569][765]CompilerResultsLog: Total execution time: 4.75 seconds
[2020.07.31-00.30.20:569][765]LogMainFrame: MainFrame: Module compiling took 5.101 seconds
[2020.07.31-00.30.20:601][765]LogContentBrowser: Native class hierarchy updated for 'SimpleShooter' in 0.0004 seconds. Added 10 classes and 2 folders.
[2020.07.31-00.30.20:606][765]Display: HotReload successful (1 functions remapped  0 scriptstructs remapped)
[2020.07.31-00.30.20:717][765]LogContentBrowser: Native class hierarchy populated in 0.0081 seconds. Added 3437 classes and 823 folders.
[2020.07.31-00.30.20:723][765]Display: HotReload took  5.3s.
[2020.07.31-00.30.27:034][814]Candidate modules for hot reload:
[2020.07.31-00.30.27:035][814]  SimpleShooter
[2020.07.31-00.30.27:035][814]Launching UnrealBuildTool... [H:/UE_4.25/Engine/Binaries/DotNET/UnrealBuildTool.exe  -ModuleWithSuffix=SimpleShooter,9156 SimpleShooterEditor Win64 Development -Project="C:/Users/vmelo/Desktop/GitHub/SimpleShooter/SimpleShooter/SimpleShooter.uproject" "C:/Users/vmelo/Desktop/GitHub/SimpleShooter/SimpleShooter/SimpleShooter.uproject"  -IgnoreJunk]
[2020.07.31-00.30.27:041][814]Warning: Starting HotReload took  0.0s.
[2020.07.31-00.30.32:158][845]CompilerResultsLog: New page: Compilation - Jul 30, 2020, 10:30:32 AM
[2020.07.31-00.30.32:158][845]CompilerResultsLog: Using 'git status' to determine working set for adaptive non-unity build (C:\Users\vmelo\Desktop\GitHub\SimpleShooter\SimpleShooter).
[2020.07.31-00.30.32:158][845]CompilerResultsLog: Building SimpleShooterEditor...
[2020.07.31-00.30.32:158][845]CompilerResultsLog: Using Visual Studio 2019 14.26.28806 toolchain (C:\Program Files (x86)\Microsoft Visual Studio\2019\Community\VC\Tools\MSVC\14.26.28801) and Windows 10.0.18362.0 SDK (C:\Program Files (x86)\Windows Kits\10).
[2020.07.31-00.30.32:158][845]CompilerResultsLog: Building 4 actions with 12 processes...
[2020.07.31-00.30.32:158][845]CompilerResultsLog:   [1/4] ShooterPlayerController.cpp
[2020.07.31-00.30.32:158][845]CompilerResultsLog:   [2/4] UE4Editor-SimpleShooter-9156.lib
[2020.07.31-00.30.32:158][845]CompilerResultsLog:      Creating library C:\Users\vmelo\Desktop\GitHub\SimpleShooter\SimpleShooter\Intermediate\Build\Win64\UE4Editor\Development\SimpleShooter\UE4Editor-SimpleShooter-9156.lib and object C:\Users\vmelo\Desktop\GitHub\SimpleShooter\SimpleShooter\Intermediate\Build\Win64\UE4Editor\Development\SimpleShooter\UE4Editor-SimpleShooter-9156.exp
[2020.07.31-00.30.32:158][845]CompilerResultsLog:   [3/4] UE4Editor-SimpleShooter-9156.dll
[2020.07.31-00.30.32:158][845]CompilerResultsLog:      Creating library C:\Users\vmelo\Desktop\GitHub\SimpleShooter\SimpleShooter\Intermediate\Build\Win64\UE4Editor\Development\SimpleShooter\UE4Editor-SimpleShooter-9156.suppressed.lib and object C:\Users\vmelo\Desktop\GitHub\SimpleShooter\SimpleShooter\Intermediate\Build\Win64\UE4Editor\Development\SimpleShooter\UE4Editor-SimpleShooter-9156.suppressed.exp
[2020.07.31-00.30.32:158][845]CompilerResultsLog:   [4/4] SimpleShooterEditor.target
[2020.07.31-00.30.32:158][845]CompilerResultsLog: Total time in Parallel executor: 4.24 seconds
[2020.07.31-00.30.32:158][845]CompilerResultsLog: Total execution time: 4.81 seconds
[2020.07.31-00.30.32:158][845]LogMainFrame: MainFrame: Module compiling took 5.136 seconds
[2020.07.31-00.30.32:185][845]LogContentBrowser: Native class hierarchy updated for 'SimpleShooter' in 0.0004 seconds. Added 10 classes and 2 folders.
[2020.07.31-00.30.32:188][845]Display: HotReload successful (1 functions remapped  0 scriptstructs remapped)
[2020.07.31-00.30.32:293][845]LogContentBrowser: Native class hierarchy populated in 0.0067 seconds. Added 3437 classes and 823 folders.
[2020.07.31-00.30.32:299][845]Display: HotReload took  5.3s.
[2020.07.31-00.30.34:775][877]LogTemp: Repeating last play command: Selected Viewport
[2020.07.31-00.30.34:785][877]LogPlayLevel: PlayLevel: No blueprints needed recompiling
[2020.07.31-00.30.34:785][877]PIE: New page: PIE session: SandBox (Jul 30, 2020, 10:30:34 AM)
[2020.07.31-00.30.34:809][877]LogPlayLevel: Creating play world package: /Game/UEDPIE_0_SandBox
[2020.07.31-00.30.34:973][877]LogPlayLevel: PIE: StaticDuplicateObject took: (0.164265s)
[2020.07.31-00.30.34:974][877]LogAIModule: Creating AISystem for world SandBox
[2020.07.31-00.30.34:974][877]LogAISub: UAISubsystem::UAISubsystem EnvQueryManager (000001AB7B61E600), frame # 8877
[2020.07.31-00.30.34:974][877]LogAISub: UAISubsystem::UAISubsystem AIPerceptionSystem (000001AB83579080), frame # 8877
[2020.07.31-00.30.34:974][877]LogPlayLevel: PIE: World Init took: (0.001000s)
[2020.07.31-00.30.34:974][877]LogPlayLevel: PIE: Created PIE world by copying editor world from /Game/SandBox.SandBox to /Game/UEDPIE_0_SandBox.SandBox (0.165588s)
[2020.07.31-00.30.35:046][877]LogUObjectHash: Compacting FUObjectHashTables data took   2.91ms
[2020.07.31-00.30.35:048][877]LogAudioMixer: Display: Audio Mixer Platform Settings:
[2020.07.31-00.30.35:048][877]LogAudioMixer: Display: 	Sample Rate:						  48000
[2020.07.31-00.30.35:048][877]LogAudioMixer: Display: 	Callback Buffer Frame Size Requested: 1024
[2020.07.31-00.30.35:048][877]LogAudioMixer: Display: 	Callback Buffer Frame Size To Use:	  1024
[2020.07.31-00.30.35:048][877]LogAudioMixer: Display: 	Number of buffers to queue:			  2
[2020.07.31-00.30.35:048][877]LogAudioMixer: Display: 	Max Channels (voices):				  32
[2020.07.31-00.30.35:048][877]LogAudioMixer: Display: 	Number of Async Source Workers:		  0
[2020.07.31-00.30.35:048][877]LogAudio: Display: AudioDevice MaxSources: 32
[2020.07.31-00.30.35:049][877]LogAudio: Display: Using built-in audio occlusion.
[2020.07.31-00.30.35:049][877]LogAudioMixer: Display: Initializing audio mixer.
[2020.07.31-00.30.35:061][877]LogAudioMixer: Display: 0: FrontLeft
[2020.07.31-00.30.35:061][877]LogAudioMixer: Display: 1: FrontRight
[2020.07.31-00.30.35:154][877]LogAudioMixer: Display: Using Audio Device Speakers (Realtek High Definition Audio)
[2020.07.31-00.30.35:154][877]LogAudioMixer: Display: Initializing Sound Submixes...
[2020.07.31-00.30.35:154][877]LogAudioMixer: Display: Creating Master Submix 'MasterSubmixDefault'
[2020.07.31-00.30.35:154][877]LogAudioMixer: Display: Creating Master Submix 'MasterReverbSubmixDefault'
[2020.07.31-00.30.35:154][877]LogAudioMixer: Display: Creating Master Submix 'MasterEQSubmixDefault'
[2020.07.31-00.30.35:164][877]LogInit: FAudioDevice initialized.
[2020.07.31-00.30.35:175][877]LogLoad: Game class is 'BP_KillEmAllGmaeMode_C'
[2020.07.31-00.30.35:219][877]LogWorld: Bringing World /Game/UEDPIE_0_SandBox.SandBox up for play (max tick rate 0) at 2020.07.30-17.30.35
[2020.07.31-00.30.35:227][877]LogWorld: Bringing up level for play took: 0.051647
[2020.07.31-00.30.35:227][877]LogOnline: OSS: Creating online subsystem instance for: :Context_12
[2020.07.31-00.30.35:231][877]PIE: Server logged in
[2020.07.31-00.30.35:232][877]PIE: Play in editor total start time 0.45 seconds.
[2020.07.31-00.30.37:186][ 80]LogTemp: Warning: Health left 80.000000
[2020.07.31-00.30.37:377][103]LogTemp: Warning: Health left 80.000000
[2020.07.31-00.30.37:637][134]LogTemp: Warning: Health left 60.000000
[2020.07.31-00.30.38:386][224]LogTemp: Warning: Health left 60.000000
[2020.07.31-00.30.40:405][463]LogTemp: Warning: Health left 40.000000
[2020.07.31-00.30.41:413][584]LogTemp: Warning: Health left 20.000000
[2020.07.31-00.30.42:356][697]LogTemp: Warning: Health left 40.000000
[2020.07.31-00.30.42:423][705]LogTemp: Warning: Health left 0.000000
[2020.07.31-00.30.43:680][851]LogSlate: Updating window title bar state: overlay mode, drag disabled, window buttons hidden, title bar hidden
[2020.07.31-00.30.43:680][851]LogWorld: BeginTearingDown for /Game/UEDPIE_0_SandBox
[2020.07.31-00.30.43:681][851]LogWorld: UWorld::CleanupWorld for SandBox, bSessionEnded=true, bCleanupResources=true
[2020.07.31-00.30.43:690][851]LogSlate: InvalidateAllWidgets triggered.  All widgets were invalidated
[2020.07.31-00.30.43:696][851]LogPlayLevel: Display: Shutting down PIE online subsystems
[2020.07.31-00.30.43:701][851]LogSlate: InvalidateAllWidgets triggered.  All widgets were invalidated
[2020.07.31-00.30.43:728][851]LogSlate: Updating window title bar state: overlay mode, drag disabled, window buttons hidden, title bar hidden
[2020.07.31-00.30.43:760][851]LogAISub: UAISubsystem::~UAISubsystem EnvQueryManager (000001AB7B61E600), frame # 9851
[2020.07.31-00.30.43:760][851]LogAISub: UAISubsystem::~UAISubsystem AIPerceptionSystem (000001AB83579080), frame # 9851
[2020.07.31-00.30.43:762][851]LogUObjectHash: Compacting FUObjectHashTables data took   1.67ms
[2020.07.31-00.30.43:795][852]LogPlayLevel: Display: Destroying online subsystem :Context_12
[2020.07.31-00.30.48:159][916]Cmd: OBJ SAVEPACKAGE PACKAGE="/Game/SandBox" FILE="C:/Users/vmelo/Desktop/GitHub/SimpleShooter/SimpleShooter/Content/SandBox.umap" SILENT=true AUTOSAVING=false KEEPDIRTY=false
[2020.07.31-00.30.48:175][916]LogUObjectHash: Compacting FUObjectHashTables data took   1.25ms
[2020.07.31-00.30.49:503][916]LogSavePackage: Moving 'C:/Users/vmelo/Desktop/GitHub/SimpleShooter/SimpleShooter/Saved/SandBox54A77F444A5BB614E9E036ABB542E874.tmp' to 'C:/Users/vmelo/Desktop/GitHub/SimpleShooter/SimpleShooter/Content/SandBox.umap'
[2020.07.31-00.30.50:196][916]Cmd: OBJ SAVEPACKAGE PACKAGE="/Game/SandBox_BuiltData" FILE="C:/Users/vmelo/Desktop/GitHub/SimpleShooter/SimpleShooter/Content/SandBox_BuiltData.uasset" SILENT=true
[2020.07.31-00.30.50:744][916]LogSavePackage: Moving 'C:/Users/vmelo/Desktop/GitHub/SimpleShooter/SimpleShooter/Saved/SandBox_BuiltData7351928E45C7470B97EEE3825D6A8AC3.tmp' to 'C:/Users/vmelo/Desktop/GitHub/SimpleShooter/SimpleShooter/Content/SandBox_BuiltData.uasset'
[2020.07.31-00.30.50:761][916]AssetCheck: New page: Asset Save: multiple assets
[2020.07.31-00.30.50:761][916]LogContentValidation: Display: Validating World /Game/SandBox.SandBox
[2020.07.31-00.30.50:761][916]LogContentValidation: Display: Validating MapBuildDataRegistry /Game/SandBox_BuiltData.SandBox_BuiltData
